{"/Users/DevAC/Desktop/Angaza/AngazaApplication/assets/images/chat.png": {"path":"/Users/DevAC/Desktop/Angaza/AngazaApplication/assets/images/chat.png","statementMap":{"0":{"start":{"line":1,"column":0},"end":{"line":1,"column":19}}},"fnMap":{},"branchMap":{},"s":{"0":1},"f":{},"b":{},"inputSourceMap":null,"_coverageSchema":"1a1c01bbd47fc00a2c39e90264f33305004495a9","hash":"c9c6d96f4719dbf991b60fa53eac157e21b39490"}
,"/Users/DevAC/Desktop/Angaza/AngazaApplication/assets/images/notes.png": {"path":"/Users/DevAC/Desktop/Angaza/AngazaApplication/assets/images/notes.png","statementMap":{"0":{"start":{"line":1,"column":0},"end":{"line":1,"column":19}}},"fnMap":{},"branchMap":{},"s":{"0":1},"f":{},"b":{},"inputSourceMap":null,"_coverageSchema":"1a1c01bbd47fc00a2c39e90264f33305004495a9","hash":"c2e1db2d57654e4487ad199e0305160b11e8196f"}
,"/Users/DevAC/Desktop/Angaza/AngazaApplication/assets/images/profile.png": {"path":"/Users/DevAC/Desktop/Angaza/AngazaApplication/assets/images/profile.png","statementMap":{"0":{"start":{"line":1,"column":0},"end":{"line":1,"column":19}}},"fnMap":{},"branchMap":{},"s":{"0":1},"f":{},"b":{},"inputSourceMap":null,"_coverageSchema":"1a1c01bbd47fc00a2c39e90264f33305004495a9","hash":"0593b295a48768b69bfed1d30f61ff62bde8aaf8"}
,"/Users/DevAC/Desktop/Angaza/AngazaApplication/assets/images/revise.png": {"path":"/Users/DevAC/Desktop/Angaza/AngazaApplication/assets/images/revise.png","statementMap":{"0":{"start":{"line":1,"column":0},"end":{"line":1,"column":19}}},"fnMap":{},"branchMap":{},"s":{"0":1},"f":{},"b":{},"inputSourceMap":null,"_coverageSchema":"1a1c01bbd47fc00a2c39e90264f33305004495a9","hash":"a711cd9cc792c6ac4ba9bae3533abdad484c5b67"}
,"/Users/DevAC/Desktop/Angaza/AngazaApplication/assets/images/teacher.png": {"path":"/Users/DevAC/Desktop/Angaza/AngazaApplication/assets/images/teacher.png","statementMap":{"0":{"start":{"line":1,"column":0},"end":{"line":1,"column":19}}},"fnMap":{},"branchMap":{},"s":{"0":1},"f":{},"b":{},"inputSourceMap":null,"_coverageSchema":"1a1c01bbd47fc00a2c39e90264f33305004495a9","hash":"6645042a064a5307f310109e99e8efad33d4561e"}
,"/Users/DevAC/Desktop/Angaza/AngazaApplication/components/StyledText.js": {"path":"/Users/DevAC/Desktop/Angaza/AngazaApplication/components/StyledText.js","statementMap":{"0":{"start":{"line":5,"column":2},"end":{"line":5,"column":81}}},"fnMap":{"0":{"name":"MonoText","decl":{"start":{"line":4,"column":16},"end":{"line":4,"column":24}},"loc":{"start":{"line":4,"column":32},"end":{"line":6,"column":1}},"line":4}},"branchMap":{},"s":{"0":2},"f":{"0":2},"b":{},"_coverageSchema":"1a1c01bbd47fc00a2c39e90264f33305004495a9","hash":"9ed555b6107713f277640db159a93055d17a7446"}
,"/Users/DevAC/Desktop/Angaza/AngazaApplication/screens/Assignment.js": {"path":"/Users/DevAC/Desktop/Angaza/AngazaApplication/screens/Assignment.js","statementMap":{"0":{"start":{"line":16,"column":8},"end":{"line":16,"column":21}},"1":{"start":{"line":17,"column":8},"end":{"line":35,"column":10}},"2":{"start":{"line":39,"column":8},"end":{"line":39,"column":37}},"3":{"start":{"line":40,"column":8},"end":{"line":44,"column":10}},"4":{"start":{"line":41,"column":12},"end":{"line":41,"column":34}},"5":{"start":{"line":42,"column":12},"end":{"line":42,"column":120}},"6":{"start":{"line":43,"column":12},"end":{"line":43,"column":19}},"7":{"start":{"line":48,"column":8},"end":{"line":48,"column":25}},"8":{"start":{"line":49,"column":8},"end":{"line":49,"column":37}},"9":{"start":{"line":50,"column":8},"end":{"line":50,"column":42}},"10":{"start":{"line":54,"column":8},"end":{"line":74,"column":9}},"11":{"start":{"line":55,"column":12},"end":{"line":71,"column":13}},"12":{"start":{"line":57,"column":16},"end":{"line":57,"column":142}},"13":{"start":{"line":58,"column":16},"end":{"line":62,"column":18}},"14":{"start":{"line":59,"column":20},"end":{"line":59,"column":62}},"15":{"start":{"line":60,"column":20},"end":{"line":60,"column":42}},"16":{"start":{"line":61,"column":20},"end":{"line":61,"column":106}},"17":{"start":{"line":64,"column":16},"end":{"line":64,"column":87}},"18":{"start":{"line":65,"column":16},"end":{"line":70,"column":18}},"19":{"start":{"line":66,"column":20},"end":{"line":66,"column":62}},"20":{"start":{"line":68,"column":20},"end":{"line":68,"column":104}},"21":{"start":{"line":69,"column":20},"end":{"line":69,"column":42}},"22":{"start":{"line":73,"column":12},"end":{"line":73,"column":57}},"23":{"start":{"line":79,"column":8},"end":{"line":83,"column":9}},"24":{"start":{"line":80,"column":12},"end":{"line":80,"column":52}},"25":{"start":{"line":82,"column":12},"end":{"line":82,"column":50}},"26":{"start":{"line":86,"column":25},"end":{"line":86,"column":46}},"27":{"start":{"line":87,"column":8},"end":{"line":87,"column":72}},"28":{"start":{"line":89,"column":8},"end":{"line":89,"column":58}},"29":{"start":{"line":90,"column":8},"end":{"line":100,"column":9}},"30":{"start":{"line":92,"column":12},"end":{"line":92,"column":79}},"31":{"start":{"line":93,"column":12},"end":{"line":93,"column":193}},"32":{"start":{"line":94,"column":15},"end":{"line":100,"column":9}},"33":{"start":{"line":95,"column":12},"end":{"line":95,"column":50}},"34":{"start":{"line":96,"column":12},"end":{"line":96,"column":29}},"35":{"start":{"line":99,"column":12},"end":{"line":99,"column":57}},"36":{"start":{"line":104,"column":28},"end":{"line":104,"column":30}},"37":{"start":{"line":105,"column":29},"end":{"line":105,"column":68}},"38":{"start":{"line":106,"column":38},"end":{"line":106,"column":59}},"39":{"start":{"line":107,"column":23},"end":{"line":107,"column":134}},"40":{"start":{"line":108,"column":23},"end":{"line":108,"column":38}},"41":{"start":{"line":109,"column":35},"end":{"line":109,"column":50}},"42":{"start":{"line":110,"column":23},"end":{"line":110,"column":38}},"43":{"start":{"line":111,"column":35},"end":{"line":111,"column":50}},"44":{"start":{"line":112,"column":23},"end":{"line":112,"column":38}},"45":{"start":{"line":113,"column":35},"end":{"line":113,"column":50}},"46":{"start":{"line":114,"column":23},"end":{"line":114,"column":38}},"47":{"start":{"line":115,"column":35},"end":{"line":115,"column":50}},"48":{"start":{"line":116,"column":27},"end":{"line":116,"column":141}},"49":{"start":{"line":118,"column":8},"end":{"line":298,"column":9}},"50":{"start":{"line":162,"column":40},"end":{"line":162,"column":80}},"51":{"start":{"line":163,"column":40},"end":{"line":163,"column":64}},"52":{"start":{"line":167,"column":40},"end":{"line":167,"column":116}},"53":{"start":{"line":176,"column":40},"end":{"line":176,"column":83}},"54":{"start":{"line":177,"column":40},"end":{"line":177,"column":64}},"55":{"start":{"line":181,"column":40},"end":{"line":181,"column":119}},"56":{"start":{"line":251,"column":36},"end":{"line":251,"column":58}},"57":{"start":{"line":262,"column":44},"end":{"line":262,"column":63}},"58":{"start":{"line":275,"column":44},"end":{"line":275,"column":64}},"59":{"start":{"line":303,"column":8},"end":{"line":303,"column":41}},"60":{"start":{"line":304,"column":8},"end":{"line":304,"column":41}},"61":{"start":{"line":305,"column":8},"end":{"line":325,"column":9}},"62":{"start":{"line":306,"column":12},"end":{"line":310,"column":14}},"63":{"start":{"line":308,"column":16},"end":{"line":308,"column":52}},"64":{"start":{"line":309,"column":16},"end":{"line":309,"column":50}},"65":{"start":{"line":312,"column":12},"end":{"line":316,"column":13}},"66":{"start":{"line":317,"column":12},"end":{"line":322,"column":15}},"67":{"start":{"line":319,"column":16},"end":{"line":319,"column":34}},"68":{"start":{"line":320,"column":16},"end":{"line":320,"column":60}},"69":{"start":{"line":321,"column":16},"end":{"line":321,"column":50}},"70":{"start":{"line":329,"column":8},"end":{"line":329,"column":41}},"71":{"start":{"line":330,"column":8},"end":{"line":330,"column":30}},"72":{"start":{"line":331,"column":8},"end":{"line":342,"column":9}},"73":{"start":{"line":332,"column":12},"end":{"line":335,"column":14}},"74":{"start":{"line":333,"column":16},"end":{"line":333,"column":60}},"75":{"start":{"line":334,"column":16},"end":{"line":334,"column":50}},"76":{"start":{"line":337,"column":12},"end":{"line":341,"column":15}},"77":{"start":{"line":338,"column":16},"end":{"line":338,"column":34}},"78":{"start":{"line":339,"column":16},"end":{"line":339,"column":63}},"79":{"start":{"line":340,"column":16},"end":{"line":340,"column":50}},"80":{"start":{"line":347,"column":15},"end":{"line":635,"column":1}}},"fnMap":{"0":{"name":"(anonymous_0)","decl":{"start":{"line":15,"column":4},"end":{"line":15,"column":5}},"loc":{"start":{"line":15,"column":23},"end":{"line":36,"column":5}},"line":15},"1":{"name":"(anonymous_1)","decl":{"start":{"line":38,"column":4},"end":{"line":38,"column":5}},"loc":{"start":{"line":38,"column":24},"end":{"line":45,"column":5}},"line":38},"2":{"name":"(anonymous_2)","decl":{"start":{"line":40,"column":67},"end":{"line":40,"column":68}},"loc":{"start":{"line":40,"column":79},"end":{"line":44,"column":9}},"line":40},"3":{"name":"(anonymous_3)","decl":{"start":{"line":46,"column":4},"end":{"line":46,"column":5}},"loc":{"start":{"line":46,"column":24},"end":{"line":51,"column":5}},"line":46},"4":{"name":"(anonymous_4)","decl":{"start":{"line":53,"column":4},"end":{"line":53,"column":5}},"loc":{"start":{"line":53,"column":30},"end":{"line":77,"column":5}},"line":53},"5":{"name":"(anonymous_5)","decl":{"start":{"line":58,"column":189},"end":{"line":58,"column":190}},"loc":{"start":{"line":58,"column":201},"end":{"line":62,"column":17}},"line":58},"6":{"name":"(anonymous_6)","decl":{"start":{"line":65,"column":188},"end":{"line":65,"column":189}},"loc":{"start":{"line":65,"column":200},"end":{"line":70,"column":17}},"line":65},"7":{"name":"(anonymous_7)","decl":{"start":{"line":78,"column":4},"end":{"line":78,"column":5}},"loc":{"start":{"line":78,"column":18},"end":{"line":84,"column":5}},"line":78},"8":{"name":"(anonymous_8)","decl":{"start":{"line":85,"column":4},"end":{"line":85,"column":5}},"loc":{"start":{"line":85,"column":19},"end":{"line":101,"column":5}},"line":85},"9":{"name":"(anonymous_9)","decl":{"start":{"line":103,"column":4},"end":{"line":103,"column":5}},"loc":{"start":{"line":103,"column":13},"end":{"line":300,"column":5}},"line":103},"10":{"name":"(anonymous_10)","decl":{"start":{"line":139,"column":45},"end":{"line":139,"column":46}},"loc":{"start":{"line":139,"column":51},"end":{"line":141,"column":37}},"line":139},"11":{"name":"(anonymous_11)","decl":{"start":{"line":160,"column":51},"end":{"line":160,"column":52}},"loc":{"start":{"line":160,"column":62},"end":{"line":164,"column":37}},"line":160},"12":{"name":"(anonymous_12)","decl":{"start":{"line":166,"column":90},"end":{"line":166,"column":91}},"loc":{"start":{"line":166,"column":107},"end":{"line":168,"column":37}},"line":166},"13":{"name":"(anonymous_13)","decl":{"start":{"line":174,"column":51},"end":{"line":174,"column":52}},"loc":{"start":{"line":174,"column":62},"end":{"line":178,"column":37}},"line":174},"14":{"name":"(anonymous_14)","decl":{"start":{"line":180,"column":96},"end":{"line":180,"column":97}},"loc":{"start":{"line":180,"column":113},"end":{"line":182,"column":37}},"line":180},"15":{"name":"(anonymous_15)","decl":{"start":{"line":191,"column":129},"end":{"line":191,"column":130}},"loc":{"start":{"line":191,"column":135},"end":{"line":193,"column":33}},"line":191},"16":{"name":"(anonymous_16)","decl":{"start":{"line":199,"column":117},"end":{"line":199,"column":118}},"loc":{"start":{"line":199,"column":123},"end":{"line":201,"column":33}},"line":199},"17":{"name":"(anonymous_17)","decl":{"start":{"line":208,"column":129},"end":{"line":208,"column":130}},"loc":{"start":{"line":208,"column":135},"end":{"line":210,"column":33}},"line":208},"18":{"name":"(anonymous_18)","decl":{"start":{"line":216,"column":117},"end":{"line":216,"column":118}},"loc":{"start":{"line":216,"column":123},"end":{"line":218,"column":33}},"line":216},"19":{"name":"(anonymous_19)","decl":{"start":{"line":225,"column":129},"end":{"line":225,"column":130}},"loc":{"start":{"line":225,"column":135},"end":{"line":227,"column":33}},"line":225},"20":{"name":"(anonymous_20)","decl":{"start":{"line":233,"column":117},"end":{"line":233,"column":118}},"loc":{"start":{"line":233,"column":123},"end":{"line":235,"column":33}},"line":233},"21":{"name":"(anonymous_21)","decl":{"start":{"line":242,"column":129},"end":{"line":242,"column":130}},"loc":{"start":{"line":242,"column":135},"end":{"line":244,"column":33}},"line":242},"22":{"name":"(anonymous_22)","decl":{"start":{"line":250,"column":117},"end":{"line":250,"column":118}},"loc":{"start":{"line":250,"column":123},"end":{"line":252,"column":33}},"line":250},"23":{"name":"(anonymous_23)","decl":{"start":{"line":261,"column":96},"end":{"line":261,"column":97}},"loc":{"start":{"line":261,"column":102},"end":{"line":263,"column":41}},"line":261},"24":{"name":"(anonymous_24)","decl":{"start":{"line":274,"column":96},"end":{"line":274,"column":97}},"loc":{"start":{"line":274,"column":102},"end":{"line":276,"column":41}},"line":274},"25":{"name":"(anonymous_25)","decl":{"start":{"line":301,"column":4},"end":{"line":301,"column":5}},"loc":{"start":{"line":301,"column":16},"end":{"line":326,"column":5}},"line":301},"26":{"name":"(anonymous_26)","decl":{"start":{"line":306,"column":85},"end":{"line":306,"column":86}},"loc":{"start":{"line":306,"column":97},"end":{"line":310,"column":13}},"line":306},"27":{"name":"(anonymous_27)","decl":{"start":{"line":317,"column":129},"end":{"line":317,"column":130}},"loc":{"start":{"line":317,"column":139},"end":{"line":322,"column":13}},"line":317},"28":{"name":"(anonymous_28)","decl":{"start":{"line":327,"column":4},"end":{"line":327,"column":5}},"loc":{"start":{"line":327,"column":27},"end":{"line":345,"column":5}},"line":327},"29":{"name":"(anonymous_29)","decl":{"start":{"line":332,"column":57},"end":{"line":332,"column":58}},"loc":{"start":{"line":332,"column":69},"end":{"line":335,"column":13}},"line":332},"30":{"name":"(anonymous_30)","decl":{"start":{"line":337,"column":82},"end":{"line":337,"column":83}},"loc":{"start":{"line":337,"column":92},"end":{"line":341,"column":13}},"line":337}},"branchMap":{"0":{"loc":{"start":{"line":54,"column":8},"end":{"line":74,"column":9}},"type":"if","locations":[{"start":{"line":54,"column":8},"end":{"line":74,"column":9}},{"start":{"line":54,"column":8},"end":{"line":74,"column":9}}],"line":54},"1":{"loc":{"start":{"line":55,"column":12},"end":{"line":71,"column":13}},"type":"if","locations":[{"start":{"line":55,"column":12},"end":{"line":71,"column":13}},{"start":{"line":55,"column":12},"end":{"line":71,"column":13}}],"line":55},"2":{"loc":{"start":{"line":79,"column":8},"end":{"line":83,"column":9}},"type":"if","locations":[{"start":{"line":79,"column":8},"end":{"line":83,"column":9}},{"start":{"line":79,"column":8},"end":{"line":83,"column":9}}],"line":79},"3":{"loc":{"start":{"line":90,"column":8},"end":{"line":100,"column":9}},"type":"if","locations":[{"start":{"line":90,"column":8},"end":{"line":100,"column":9}},{"start":{"line":90,"column":8},"end":{"line":100,"column":9}}],"line":90},"4":{"loc":{"start":{"line":90,"column":12},"end":{"line":90,"column":111}},"type":"binary-expr","locations":[{"start":{"line":90,"column":12},"end":{"line":90,"column":48}},{"start":{"line":90,"column":52},"end":{"line":90,"column":111}}],"line":90},"5":{"loc":{"start":{"line":94,"column":15},"end":{"line":100,"column":9}},"type":"if","locations":[{"start":{"line":94,"column":15},"end":{"line":100,"column":9}},{"start":{"line":94,"column":15},"end":{"line":100,"column":9}}],"line":94},"6":{"loc":{"start":{"line":94,"column":18},"end":{"line":94,"column":117}},"type":"binary-expr","locations":[{"start":{"line":94,"column":18},"end":{"line":94,"column":54}},{"start":{"line":94,"column":58},"end":{"line":94,"column":117}}],"line":94},"7":{"loc":{"start":{"line":136,"column":33},"end":{"line":136,"column":171}},"type":"cond-expr","locations":[{"start":{"line":136,"column":63},"end":{"line":136,"column":123}},{"start":{"line":136,"column":126},"end":{"line":136,"column":171}}],"line":136},"8":{"loc":{"start":{"line":153,"column":21},"end":{"line":294,"column":43}},"type":"cond-expr","locations":[{"start":{"line":153,"column":55},"end":{"line":294,"column":27}},{"start":{"line":294,"column":30},"end":{"line":294,"column":43}}],"line":153},"9":{"loc":{"start":{"line":166,"column":37},"end":{"line":168,"column":99}},"type":"cond-expr","locations":[{"start":{"line":166,"column":68},"end":{"line":168,"column":38}},{"start":{"line":168,"column":41},"end":{"line":168,"column":99}}],"line":166},"10":{"loc":{"start":{"line":180,"column":37},"end":{"line":182,"column":99}},"type":"cond-expr","locations":[{"start":{"line":180,"column":71},"end":{"line":182,"column":38}},{"start":{"line":182,"column":41},"end":{"line":182,"column":99}}],"line":180},"11":{"loc":{"start":{"line":187,"column":29},"end":{"line":290,"column":39}},"type":"cond-expr","locations":[{"start":{"line":187,"column":63},"end":{"line":286,"column":35}},{"start":{"line":286,"column":38},"end":{"line":290,"column":39}}],"line":187},"12":{"loc":{"start":{"line":191,"column":33},"end":{"line":207,"column":55}},"type":"cond-expr","locations":[{"start":{"line":191,"column":69},"end":{"line":199,"column":51}},{"start":{"line":199,"column":54},"end":{"line":207,"column":55}}],"line":191},"13":{"loc":{"start":{"line":208,"column":33},"end":{"line":224,"column":55}},"type":"cond-expr","locations":[{"start":{"line":208,"column":69},"end":{"line":216,"column":51}},{"start":{"line":216,"column":54},"end":{"line":224,"column":55}}],"line":208},"14":{"loc":{"start":{"line":225,"column":33},"end":{"line":241,"column":55}},"type":"cond-expr","locations":[{"start":{"line":225,"column":69},"end":{"line":233,"column":51}},{"start":{"line":233,"column":54},"end":{"line":241,"column":55}}],"line":225},"15":{"loc":{"start":{"line":242,"column":33},"end":{"line":258,"column":55}},"type":"cond-expr","locations":[{"start":{"line":242,"column":69},"end":{"line":250,"column":51}},{"start":{"line":250,"column":54},"end":{"line":258,"column":55}}],"line":242},"16":{"loc":{"start":{"line":305,"column":8},"end":{"line":325,"column":9}},"type":"if","locations":[{"start":{"line":305,"column":8},"end":{"line":325,"column":9}},{"start":{"line":305,"column":8},"end":{"line":325,"column":9}}],"line":305},"17":{"loc":{"start":{"line":331,"column":8},"end":{"line":342,"column":9}},"type":"if","locations":[{"start":{"line":331,"column":8},"end":{"line":342,"column":9}},{"start":{"line":331,"column":8},"end":{"line":342,"column":9}}],"line":331}},"s":{"0":2,"1":2,"2":2,"3":2,"4":0,"5":0,"6":0,"7":2,"8":2,"9":2,"10":2,"11":2,"12":2,"13":2,"14":2,"15":2,"16":2,"17":0,"18":0,"19":0,"20":0,"21":0,"22":0,"23":2,"24":2,"25":0,"26":2,"27":2,"28":2,"29":2,"30":2,"31":2,"32":0,"33":0,"34":0,"35":0,"36":18,"37":18,"38":18,"39":18,"40":18,"41":18,"42":18,"43":18,"44":18,"45":18,"46":18,"47":18,"48":18,"49":18,"50":0,"51":0,"52":0,"53":0,"54":0,"55":0,"56":0,"57":0,"58":0,"59":3,"60":3,"61":3,"62":0,"63":0,"64":0,"65":3,"66":3,"67":0,"68":0,"69":0,"70":1,"71":1,"72":1,"73":0,"74":0,"75":0,"76":1,"77":0,"78":0,"79":0,"80":1},"f":{"0":2,"1":2,"2":0,"3":2,"4":2,"5":2,"6":0,"7":2,"8":2,"9":18,"10":0,"11":0,"12":0,"13":0,"14":0,"15":0,"16":0,"17":0,"18":0,"19":0,"20":0,"21":0,"22":0,"23":0,"24":0,"25":3,"26":0,"27":0,"28":1,"29":0,"30":0},"b":{"0":[2,0],"1":[2,0],"2":[2,0],"3":[2,0],"4":[2,2],"5":[0,0],"6":[0,0],"7":[14,4],"8":[18,0],"9":[0,18],"10":[0,18],"11":[0,18],"12":[0,0],"13":[0,0],"14":[0,0],"15":[0,0],"16":[0,3],"17":[0,1]},"_coverageSchema":"1a1c01bbd47fc00a2c39e90264f33305004495a9","hash":"37825d3e135a2c1baa6aabb22478a301582a59de"}
,"/Users/DevAC/Desktop/Angaza/AngazaApplication/screens/Classes.js": {"path":"/Users/DevAC/Desktop/Angaza/AngazaApplication/screens/Classes.js","statementMap":{"0":{"start":{"line":8,"column":8},"end":{"line":8,"column":21}},"1":{"start":{"line":9,"column":8},"end":{"line":13,"column":10}},"2":{"start":{"line":18,"column":8},"end":{"line":18,"column":32}},"3":{"start":{"line":21,"column":29},"end":{"line":21,"column":68}},"4":{"start":{"line":22,"column":8},"end":{"line":22,"column":39}},"5":{"start":{"line":23,"column":8},"end":{"line":23,"column":55}},"6":{"start":{"line":27,"column":29},"end":{"line":27,"column":68}},"7":{"start":{"line":29,"column":38},"end":{"line":29,"column":59}},"8":{"start":{"line":30,"column":8},"end":{"line":207,"column":9}},"9":{"start":{"line":210,"column":15},"end":{"line":390,"column":1}}},"fnMap":{"0":{"name":"(anonymous_0)","decl":{"start":{"line":7,"column":4},"end":{"line":7,"column":5}},"loc":{"start":{"line":7,"column":23},"end":{"line":14,"column":5}},"line":7},"1":{"name":"(anonymous_1)","decl":{"start":{"line":16,"column":4},"end":{"line":16,"column":5}},"loc":{"start":{"line":16,"column":24},"end":{"line":19,"column":5}},"line":16},"2":{"name":"(anonymous_2)","decl":{"start":{"line":20,"column":4},"end":{"line":20,"column":5}},"loc":{"start":{"line":20,"column":29},"end":{"line":24,"column":5}},"line":20},"3":{"name":"(anonymous_3)","decl":{"start":{"line":25,"column":4},"end":{"line":25,"column":5}},"loc":{"start":{"line":25,"column":13},"end":{"line":208,"column":5}},"line":25},"4":{"name":"(anonymous_4)","decl":{"start":{"line":57,"column":104},"end":{"line":57,"column":105}},"loc":{"start":{"line":57,"column":110},"end":{"line":63,"column":29}},"line":57},"5":{"name":"(anonymous_5)","decl":{"start":{"line":69,"column":102},"end":{"line":69,"column":103}},"loc":{"start":{"line":69,"column":108},"end":{"line":75,"column":29}},"line":69},"6":{"name":"(anonymous_6)","decl":{"start":{"line":81,"column":83},"end":{"line":81,"column":84}},"loc":{"start":{"line":81,"column":89},"end":{"line":87,"column":29}},"line":81},"7":{"name":"(anonymous_7)","decl":{"start":{"line":93,"column":83},"end":{"line":93,"column":84}},"loc":{"start":{"line":93,"column":89},"end":{"line":99,"column":29}},"line":93},"8":{"name":"(anonymous_8)","decl":{"start":{"line":105,"column":83},"end":{"line":105,"column":84}},"loc":{"start":{"line":105,"column":89},"end":{"line":111,"column":29}},"line":105},"9":{"name":"(anonymous_9)","decl":{"start":{"line":117,"column":83},"end":{"line":117,"column":84}},"loc":{"start":{"line":117,"column":89},"end":{"line":123,"column":29}},"line":117},"10":{"name":"(anonymous_10)","decl":{"start":{"line":129,"column":83},"end":{"line":129,"column":84}},"loc":{"start":{"line":129,"column":89},"end":{"line":135,"column":29}},"line":129},"11":{"name":"(anonymous_11)","decl":{"start":{"line":141,"column":83},"end":{"line":141,"column":84}},"loc":{"start":{"line":141,"column":89},"end":{"line":147,"column":29}},"line":141},"12":{"name":"(anonymous_12)","decl":{"start":{"line":156,"column":87},"end":{"line":156,"column":88}},"loc":{"start":{"line":156,"column":93},"end":{"line":162,"column":33}},"line":156},"13":{"name":"(anonymous_13)","decl":{"start":{"line":168,"column":87},"end":{"line":168,"column":88}},"loc":{"start":{"line":168,"column":93},"end":{"line":174,"column":33}},"line":168},"14":{"name":"(anonymous_14)","decl":{"start":{"line":180,"column":87},"end":{"line":180,"column":88}},"loc":{"start":{"line":180,"column":93},"end":{"line":186,"column":33}},"line":180},"15":{"name":"(anonymous_15)","decl":{"start":{"line":192,"column":87},"end":{"line":192,"column":88}},"loc":{"start":{"line":192,"column":93},"end":{"line":198,"column":33}},"line":192}},"branchMap":{"0":{"loc":{"start":{"line":53,"column":21},"end":{"line":204,"column":37}},"type":"cond-expr","locations":[{"start":{"line":53,"column":62},"end":{"line":152,"column":33}},{"start":{"line":152,"column":36},"end":{"line":204,"column":37}}],"line":53}},"s":{"0":1,"1":1,"2":1,"3":1,"4":1,"5":1,"6":2,"7":2,"8":2,"9":1},"f":{"0":1,"1":1,"2":1,"3":2,"4":0,"5":0,"6":0,"7":0,"8":0,"9":0,"10":0,"11":0,"12":0,"13":0,"14":0,"15":0},"b":{"0":[0,2]},"_coverageSchema":"1a1c01bbd47fc00a2c39e90264f33305004495a9","hash":"425a492cd0053ae1b32600871a457ceb411bdc9c"}
,"/Users/DevAC/Desktop/Angaza/AngazaApplication/screens/Home.js": {"path":"/Users/DevAC/Desktop/Angaza/AngazaApplication/screens/Home.js","statementMap":{"0":{"start":{"line":13,"column":8},"end":{"line":13,"column":21}},"1":{"start":{"line":14,"column":8},"end":{"line":16,"column":10}},"2":{"start":{"line":21,"column":38},"end":{"line":21,"column":59}},"3":{"start":{"line":38,"column":28},"end":{"line":38,"column":66}},"4":{"start":{"line":40,"column":26},"end":{"line":40,"column":62}},"5":{"start":{"line":42,"column":29},"end":{"line":42,"column":68}},"6":{"start":{"line":43,"column":27},"end":{"line":43,"column":64}},"7":{"start":{"line":45,"column":38},"end":{"line":45,"column":59}},"8":{"start":{"line":46,"column":8},"end":{"line":163,"column":10}},"9":{"start":{"line":166,"column":15},"end":{"line":373,"column":1}}},"fnMap":{"0":{"name":"(anonymous_0)","decl":{"start":{"line":12,"column":4},"end":{"line":12,"column":5}},"loc":{"start":{"line":12,"column":23},"end":{"line":18,"column":5}},"line":12},"1":{"name":"(anonymous_1)","decl":{"start":{"line":19,"column":4},"end":{"line":19,"column":5}},"loc":{"start":{"line":19,"column":25},"end":{"line":34,"column":5}},"line":19},"2":{"name":"(anonymous_2)","decl":{"start":{"line":35,"column":4},"end":{"line":35,"column":5}},"loc":{"start":{"line":35,"column":13},"end":{"line":164,"column":5}},"line":35},"3":{"name":"(anonymous_3)","decl":{"start":{"line":85,"column":92},"end":{"line":85,"column":93}},"loc":{"start":{"line":85,"column":98},"end":{"line":89,"column":37}},"line":85},"4":{"name":"(anonymous_4)","decl":{"start":{"line":100,"column":96},"end":{"line":100,"column":97}},"loc":{"start":{"line":100,"column":102},"end":{"line":105,"column":41}},"line":100},"5":{"name":"(anonymous_5)","decl":{"start":{"line":110,"column":96},"end":{"line":110,"column":97}},"loc":{"start":{"line":110,"column":102},"end":{"line":112,"column":41}},"line":110},"6":{"name":"(anonymous_6)","decl":{"start":{"line":123,"column":89},"end":{"line":123,"column":90}},"loc":{"start":{"line":123,"column":95},"end":{"line":127,"column":33}},"line":123}},"branchMap":{},"s":{"0":1,"1":1,"2":1,"3":1,"4":1,"5":1,"6":1,"7":1,"8":1,"9":1},"f":{"0":1,"1":1,"2":1,"3":0,"4":0,"5":0,"6":0},"b":{},"_coverageSchema":"1a1c01bbd47fc00a2c39e90264f33305004495a9","hash":"2ff93b5c24764e9406e1e9eadee00449144960e0"}
,"/Users/DevAC/Desktop/Angaza/AngazaApplication/screens/HomeScreen.js": {"path":"/Users/DevAC/Desktop/Angaza/AngazaApplication/screens/HomeScreen.js","statementMap":{"0":{"start":{"line":14,"column":14},"end":{"line":14,"column":36}},"1":{"start":{"line":15,"column":16},"end":{"line":18,"column":1}},"2":{"start":{"line":24,"column":4},"end":{"line":48,"column":6}},"3":{"start":{"line":55,"column":0},"end":{"line":57,"column":2}}},"fnMap":{"0":{"name":"(anonymous_0)","decl":{"start":{"line":23,"column":2},"end":{"line":23,"column":3}},"loc":{"start":{"line":23,"column":11},"end":{"line":49,"column":3}},"line":23}},"branchMap":{},"s":{"0":1,"1":1,"2":1,"3":1},"f":{"0":1},"b":{},"_coverageSchema":"1a1c01bbd47fc00a2c39e90264f33305004495a9","hash":"a8781ec7369f1f9f2f868ae010c4cf43352faa9d"}
,"/Users/DevAC/Desktop/Angaza/AngazaApplication/screens/Notes.js": {"path":"/Users/DevAC/Desktop/Angaza/AngazaApplication/screens/Notes.js","statementMap":{"0":{"start":{"line":14,"column":8},"end":{"line":14,"column":21}},"1":{"start":{"line":15,"column":8},"end":{"line":25,"column":10}},"2":{"start":{"line":28,"column":8},"end":{"line":32,"column":11}},"3":{"start":{"line":29,"column":12},"end":{"line":29,"column":50}},"4":{"start":{"line":31,"column":12},"end":{"line":31,"column":29}},"5":{"start":{"line":34,"column":8},"end":{"line":34,"column":30}},"6":{"start":{"line":40,"column":28},"end":{"line":40,"column":30}},"7":{"start":{"line":41,"column":29},"end":{"line":41,"column":68}},"8":{"start":{"line":42,"column":38},"end":{"line":42,"column":59}},"9":{"start":{"line":43,"column":8},"end":{"line":93,"column":9}},"10":{"start":{"line":60,"column":36},"end":{"line":60,"column":87}},"11":{"start":{"line":61,"column":36},"end":{"line":61,"column":60}},"12":{"start":{"line":65,"column":36},"end":{"line":65,"column":112}},"13":{"start":{"line":74,"column":36},"end":{"line":74,"column":79}},"14":{"start":{"line":75,"column":36},"end":{"line":75,"column":56}},"15":{"start":{"line":79,"column":36},"end":{"line":79,"column":115}},"16":{"start":{"line":99,"column":8},"end":{"line":99,"column":41}},"17":{"start":{"line":100,"column":8},"end":{"line":100,"column":41}},"18":{"start":{"line":101,"column":8},"end":{"line":121,"column":9}},"19":{"start":{"line":102,"column":12},"end":{"line":106,"column":14}},"20":{"start":{"line":104,"column":16},"end":{"line":104,"column":52}},"21":{"start":{"line":105,"column":16},"end":{"line":105,"column":50}},"22":{"start":{"line":108,"column":12},"end":{"line":112,"column":13}},"23":{"start":{"line":113,"column":12},"end":{"line":118,"column":15}},"24":{"start":{"line":115,"column":16},"end":{"line":115,"column":34}},"25":{"start":{"line":116,"column":16},"end":{"line":116,"column":60}},"26":{"start":{"line":117,"column":16},"end":{"line":117,"column":50}},"27":{"start":{"line":125,"column":8},"end":{"line":125,"column":41}},"28":{"start":{"line":126,"column":8},"end":{"line":126,"column":30}},"29":{"start":{"line":127,"column":8},"end":{"line":138,"column":9}},"30":{"start":{"line":128,"column":12},"end":{"line":131,"column":14}},"31":{"start":{"line":129,"column":16},"end":{"line":129,"column":60}},"32":{"start":{"line":130,"column":16},"end":{"line":130,"column":50}},"33":{"start":{"line":133,"column":12},"end":{"line":137,"column":15}},"34":{"start":{"line":134,"column":16},"end":{"line":134,"column":34}},"35":{"start":{"line":135,"column":16},"end":{"line":135,"column":63}},"36":{"start":{"line":136,"column":16},"end":{"line":136,"column":50}},"37":{"start":{"line":144,"column":8},"end":{"line":144,"column":41}},"38":{"start":{"line":145,"column":8},"end":{"line":167,"column":9}},"39":{"start":{"line":146,"column":12},"end":{"line":151,"column":15}},"40":{"start":{"line":147,"column":16},"end":{"line":147,"column":38}},"41":{"start":{"line":148,"column":16},"end":{"line":148,"column":151}},"42":{"start":{"line":149,"column":16},"end":{"line":149,"column":46}},"43":{"start":{"line":150,"column":16},"end":{"line":150,"column":50}},"44":{"start":{"line":153,"column":12},"end":{"line":165,"column":15}},"45":{"start":{"line":158,"column":16},"end":{"line":158,"column":46}},"46":{"start":{"line":159,"column":16},"end":{"line":164,"column":17}},"47":{"start":{"line":160,"column":20},"end":{"line":160,"column":163}},"48":{"start":{"line":161,"column":20},"end":{"line":161,"column":54}},"49":{"start":{"line":163,"column":20},"end":{"line":163,"column":111}},"50":{"start":{"line":166,"column":12},"end":{"line":166,"column":46}},"51":{"start":{"line":170,"column":15},"end":{"line":370,"column":1}}},"fnMap":{"0":{"name":"(anonymous_0)","decl":{"start":{"line":13,"column":4},"end":{"line":13,"column":5}},"loc":{"start":{"line":13,"column":23},"end":{"line":26,"column":5}},"line":13},"1":{"name":"(anonymous_1)","decl":{"start":{"line":27,"column":4},"end":{"line":27,"column":5}},"loc":{"start":{"line":27,"column":24},"end":{"line":35,"column":5}},"line":27},"2":{"name":"(anonymous_2)","decl":{"start":{"line":28,"column":46},"end":{"line":28,"column":47}},"loc":{"start":{"line":28,"column":58},"end":{"line":32,"column":9}},"line":28},"3":{"name":"(anonymous_3)","decl":{"start":{"line":39,"column":4},"end":{"line":39,"column":5}},"loc":{"start":{"line":39,"column":13},"end":{"line":95,"column":5}},"line":39},"4":{"name":"(anonymous_4)","decl":{"start":{"line":58,"column":47},"end":{"line":58,"column":48}},"loc":{"start":{"line":58,"column":58},"end":{"line":62,"column":33}},"line":58},"5":{"name":"(anonymous_5)","decl":{"start":{"line":64,"column":86},"end":{"line":64,"column":87}},"loc":{"start":{"line":64,"column":103},"end":{"line":66,"column":33}},"line":64},"6":{"name":"(anonymous_6)","decl":{"start":{"line":72,"column":47},"end":{"line":72,"column":48}},"loc":{"start":{"line":72,"column":58},"end":{"line":76,"column":33}},"line":72},"7":{"name":"(anonymous_7)","decl":{"start":{"line":78,"column":91},"end":{"line":78,"column":92}},"loc":{"start":{"line":78,"column":108},"end":{"line":80,"column":33}},"line":78},"8":{"name":"(anonymous_8)","decl":{"start":{"line":97,"column":4},"end":{"line":97,"column":5}},"loc":{"start":{"line":97,"column":16},"end":{"line":122,"column":5}},"line":97},"9":{"name":"(anonymous_9)","decl":{"start":{"line":102,"column":85},"end":{"line":102,"column":86}},"loc":{"start":{"line":102,"column":97},"end":{"line":106,"column":13}},"line":102},"10":{"name":"(anonymous_10)","decl":{"start":{"line":113,"column":129},"end":{"line":113,"column":130}},"loc":{"start":{"line":113,"column":139},"end":{"line":118,"column":13}},"line":113},"11":{"name":"(anonymous_11)","decl":{"start":{"line":123,"column":4},"end":{"line":123,"column":5}},"loc":{"start":{"line":123,"column":27},"end":{"line":141,"column":5}},"line":123},"12":{"name":"(anonymous_12)","decl":{"start":{"line":128,"column":57},"end":{"line":128,"column":58}},"loc":{"start":{"line":128,"column":69},"end":{"line":131,"column":13}},"line":128},"13":{"name":"(anonymous_13)","decl":{"start":{"line":133,"column":82},"end":{"line":133,"column":83}},"loc":{"start":{"line":133,"column":92},"end":{"line":137,"column":13}},"line":133},"14":{"name":"(anonymous_14)","decl":{"start":{"line":142,"column":4},"end":{"line":142,"column":5}},"loc":{"start":{"line":142,"column":26},"end":{"line":168,"column":5}},"line":142},"15":{"name":"(anonymous_15)","decl":{"start":{"line":146,"column":56},"end":{"line":146,"column":57}},"loc":{"start":{"line":146,"column":68},"end":{"line":151,"column":13}},"line":146},"16":{"name":"(anonymous_16)","decl":{"start":{"line":157,"column":19},"end":{"line":157,"column":20}},"loc":{"start":{"line":157,"column":29},"end":{"line":165,"column":13}},"line":157}},"branchMap":{"0":{"loc":{"start":{"line":64,"column":33},"end":{"line":66,"column":95}},"type":"cond-expr","locations":[{"start":{"line":64,"column":64},"end":{"line":66,"column":34}},{"start":{"line":66,"column":37},"end":{"line":66,"column":95}}],"line":64},"1":{"loc":{"start":{"line":78,"column":33},"end":{"line":80,"column":95}},"type":"cond-expr","locations":[{"start":{"line":78,"column":66},"end":{"line":80,"column":34}},{"start":{"line":80,"column":37},"end":{"line":80,"column":95}}],"line":78},"2":{"loc":{"start":{"line":85,"column":29},"end":{"line":87,"column":54}},"type":"cond-expr","locations":[{"start":{"line":85,"column":57},"end":{"line":87,"column":38}},{"start":{"line":87,"column":41},"end":{"line":87,"column":54}}],"line":85},"3":{"loc":{"start":{"line":101,"column":8},"end":{"line":121,"column":9}},"type":"if","locations":[{"start":{"line":101,"column":8},"end":{"line":121,"column":9}},{"start":{"line":101,"column":8},"end":{"line":121,"column":9}}],"line":101},"4":{"loc":{"start":{"line":127,"column":8},"end":{"line":138,"column":9}},"type":"if","locations":[{"start":{"line":127,"column":8},"end":{"line":138,"column":9}},{"start":{"line":127,"column":8},"end":{"line":138,"column":9}}],"line":127},"5":{"loc":{"start":{"line":145,"column":8},"end":{"line":167,"column":9}},"type":"if","locations":[{"start":{"line":145,"column":8},"end":{"line":167,"column":9}},{"start":{"line":145,"column":8},"end":{"line":167,"column":9}}],"line":145},"6":{"loc":{"start":{"line":159,"column":16},"end":{"line":164,"column":17}},"type":"if","locations":[{"start":{"line":159,"column":16},"end":{"line":164,"column":17}},{"start":{"line":159,"column":16},"end":{"line":164,"column":17}}],"line":159}},"s":{"0":1,"1":1,"2":1,"3":1,"4":1,"5":1,"6":7,"7":7,"8":7,"9":7,"10":0,"11":0,"12":0,"13":0,"14":0,"15":0,"16":2,"17":2,"18":2,"19":0,"20":0,"21":0,"22":2,"23":2,"24":0,"25":0,"26":0,"27":1,"28":1,"29":1,"30":0,"31":0,"32":0,"33":1,"34":0,"35":0,"36":0,"37":1,"38":1,"39":0,"40":0,"41":0,"42":0,"43":0,"44":1,"45":0,"46":0,"47":0,"48":0,"49":0,"50":1,"51":1},"f":{"0":1,"1":1,"2":1,"3":7,"4":0,"5":0,"6":0,"7":0,"8":2,"9":0,"10":0,"11":1,"12":0,"13":0,"14":1,"15":0,"16":0},"b":{"0":[0,7],"1":[0,7],"2":[0,7],"3":[0,2],"4":[0,1],"5":[0,1],"6":[0,0]},"_coverageSchema":"1a1c01bbd47fc00a2c39e90264f33305004495a9","hash":"80bd4f67d89f435134dd25fe9e3065d63512e1b4"}
,"/Users/DevAC/Desktop/Angaza/AngazaApplication/screens/Progress.js": {"path":"/Users/DevAC/Desktop/Angaza/AngazaApplication/screens/Progress.js","statementMap":{"0":{"start":{"line":13,"column":8},"end":{"line":13,"column":21}},"1":{"start":{"line":14,"column":8},"end":{"line":14,"column":24}},"2":{"start":{"line":18,"column":29},"end":{"line":18,"column":68}},"3":{"start":{"line":20,"column":38},"end":{"line":20,"column":59}},"4":{"start":{"line":21,"column":8},"end":{"line":49,"column":9}},"5":{"start":{"line":52,"column":15},"end":{"line":236,"column":1}}},"fnMap":{"0":{"name":"(anonymous_0)","decl":{"start":{"line":12,"column":4},"end":{"line":12,"column":5}},"loc":{"start":{"line":12,"column":23},"end":{"line":15,"column":5}},"line":12},"1":{"name":"(anonymous_1)","decl":{"start":{"line":16,"column":4},"end":{"line":16,"column":5}},"loc":{"start":{"line":16,"column":13},"end":{"line":50,"column":5}},"line":16}},"branchMap":{},"s":{"0":1,"1":1,"2":1,"3":1,"4":1,"5":1},"f":{"0":1,"1":1},"b":{},"_coverageSchema":"1a1c01bbd47fc00a2c39e90264f33305004495a9","hash":"cf1c8aae164ac00fb1b5614ad3d97ddc82f75446"}
,"/Users/DevAC/Desktop/Angaza/AngazaApplication/screens/Quiz.js": {"path":"/Users/DevAC/Desktop/Angaza/AngazaApplication/screens/Quiz.js","statementMap":{"0":{"start":{"line":17,"column":8},"end":{"line":17,"column":21}},"1":{"start":{"line":18,"column":8},"end":{"line":36,"column":10}},"2":{"start":{"line":40,"column":8},"end":{"line":40,"column":40}},"3":{"start":{"line":41,"column":8},"end":{"line":49,"column":10}},"4":{"start":{"line":42,"column":12},"end":{"line":42,"column":33}},"5":{"start":{"line":44,"column":12},"end":{"line":44,"column":120}},"6":{"start":{"line":46,"column":12},"end":{"line":46,"column":46}},"7":{"start":{"line":47,"column":12},"end":{"line":47,"column":109}},"8":{"start":{"line":48,"column":12},"end":{"line":48,"column":29}},"9":{"start":{"line":52,"column":8},"end":{"line":54,"column":10}},"10":{"start":{"line":53,"column":12},"end":{"line":53,"column":46}},"11":{"start":{"line":55,"column":8},"end":{"line":55,"column":25}},"12":{"start":{"line":56,"column":8},"end":{"line":56,"column":37}},"13":{"start":{"line":57,"column":8},"end":{"line":57,"column":42}},"14":{"start":{"line":61,"column":8},"end":{"line":79,"column":9}},"15":{"start":{"line":62,"column":12},"end":{"line":76,"column":13}},"16":{"start":{"line":63,"column":16},"end":{"line":63,"column":87}},"17":{"start":{"line":64,"column":16},"end":{"line":68,"column":18}},"18":{"start":{"line":65,"column":20},"end":{"line":65,"column":107}},"19":{"start":{"line":66,"column":20},"end":{"line":66,"column":106}},"20":{"start":{"line":67,"column":20},"end":{"line":67,"column":42}},"21":{"start":{"line":70,"column":16},"end":{"line":70,"column":87}},"22":{"start":{"line":71,"column":16},"end":{"line":75,"column":18}},"23":{"start":{"line":72,"column":20},"end":{"line":72,"column":62}},"24":{"start":{"line":73,"column":20},"end":{"line":73,"column":104}},"25":{"start":{"line":74,"column":20},"end":{"line":74,"column":42}},"26":{"start":{"line":78,"column":12},"end":{"line":78,"column":57}},"27":{"start":{"line":84,"column":8},"end":{"line":88,"column":9}},"28":{"start":{"line":85,"column":12},"end":{"line":85,"column":52}},"29":{"start":{"line":87,"column":12},"end":{"line":87,"column":50}},"30":{"start":{"line":91,"column":27},"end":{"line":91,"column":48}},"31":{"start":{"line":92,"column":8},"end":{"line":92,"column":72}},"32":{"start":{"line":94,"column":8},"end":{"line":94,"column":58}},"33":{"start":{"line":95,"column":8},"end":{"line":105,"column":9}},"34":{"start":{"line":97,"column":12},"end":{"line":97,"column":79}},"35":{"start":{"line":98,"column":12},"end":{"line":98,"column":194}},"36":{"start":{"line":99,"column":15},"end":{"line":105,"column":9}},"37":{"start":{"line":100,"column":12},"end":{"line":100,"column":122}},"38":{"start":{"line":101,"column":12},"end":{"line":101,"column":29}},"39":{"start":{"line":104,"column":12},"end":{"line":104,"column":57}},"40":{"start":{"line":109,"column":8},"end":{"line":290,"column":17}},"41":{"start":{"line":154,"column":44},"end":{"line":154,"column":84}},"42":{"start":{"line":155,"column":44},"end":{"line":155,"column":68}},"43":{"start":{"line":159,"column":44},"end":{"line":159,"column":120}},"44":{"start":{"line":168,"column":44},"end":{"line":168,"column":87}},"45":{"start":{"line":169,"column":44},"end":{"line":169,"column":68}},"46":{"start":{"line":173,"column":44},"end":{"line":173,"column":123}},"47":{"start":{"line":295,"column":20},"end":{"line":295,"column":53}},"48":{"start":{"line":296,"column":8},"end":{"line":296,"column":40}},"49":{"start":{"line":297,"column":8},"end":{"line":317,"column":9}},"50":{"start":{"line":298,"column":20},"end":{"line":302,"column":22}},"51":{"start":{"line":300,"column":24},"end":{"line":300,"column":60}},"52":{"start":{"line":301,"column":24},"end":{"line":301,"column":58}},"53":{"start":{"line":304,"column":20},"end":{"line":308,"column":21}},"54":{"start":{"line":309,"column":12},"end":{"line":314,"column":15}},"55":{"start":{"line":311,"column":20},"end":{"line":311,"column":38}},"56":{"start":{"line":312,"column":16},"end":{"line":312,"column":59}},"57":{"start":{"line":313,"column":16},"end":{"line":313,"column":49}},"58":{"start":{"line":321,"column":20},"end":{"line":321,"column":53}},"59":{"start":{"line":322,"column":16},"end":{"line":322,"column":38}},"60":{"start":{"line":323,"column":8},"end":{"line":334,"column":13}},"61":{"start":{"line":324,"column":20},"end":{"line":327,"column":22}},"62":{"start":{"line":325,"column":24},"end":{"line":325,"column":68}},"63":{"start":{"line":326,"column":24},"end":{"line":326,"column":58}},"64":{"start":{"line":329,"column":20},"end":{"line":333,"column":23}},"65":{"start":{"line":330,"column":24},"end":{"line":330,"column":42}},"66":{"start":{"line":331,"column":24},"end":{"line":331,"column":71}},"67":{"start":{"line":332,"column":24},"end":{"line":332,"column":58}},"68":{"start":{"line":339,"column":19},"end":{"line":627,"column":13}}},"fnMap":{"0":{"name":"(anonymous_0)","decl":{"start":{"line":16,"column":4},"end":{"line":16,"column":5}},"loc":{"start":{"line":16,"column":23},"end":{"line":37,"column":5}},"line":16},"1":{"name":"(anonymous_1)","decl":{"start":{"line":39,"column":4},"end":{"line":39,"column":5}},"loc":{"start":{"line":39,"column":24},"end":{"line":50,"column":5}},"line":39},"2":{"name":"(anonymous_2)","decl":{"start":{"line":41,"column":64},"end":{"line":41,"column":65}},"loc":{"start":{"line":41,"column":76},"end":{"line":45,"column":9}},"line":41},"3":{"name":"(anonymous_3)","decl":{"start":{"line":45,"column":11},"end":{"line":45,"column":12}},"loc":{"start":{"line":45,"column":18},"end":{"line":49,"column":9}},"line":45},"4":{"name":"(anonymous_4)","decl":{"start":{"line":51,"column":4},"end":{"line":51,"column":5}},"loc":{"start":{"line":51,"column":24},"end":{"line":58,"column":5}},"line":51},"5":{"name":"(anonymous_5)","decl":{"start":{"line":52,"column":45},"end":{"line":52,"column":46}},"loc":{"start":{"line":52,"column":57},"end":{"line":54,"column":9}},"line":52},"6":{"name":"(anonymous_6)","decl":{"start":{"line":60,"column":4},"end":{"line":60,"column":5}},"loc":{"start":{"line":60,"column":30},"end":{"line":82,"column":5}},"line":60},"7":{"name":"(anonymous_7)","decl":{"start":{"line":64,"column":188},"end":{"line":64,"column":189}},"loc":{"start":{"line":64,"column":200},"end":{"line":68,"column":17}},"line":64},"8":{"name":"(anonymous_8)","decl":{"start":{"line":71,"column":188},"end":{"line":71,"column":189}},"loc":{"start":{"line":71,"column":200},"end":{"line":75,"column":17}},"line":71},"9":{"name":"(anonymous_9)","decl":{"start":{"line":83,"column":4},"end":{"line":83,"column":5}},"loc":{"start":{"line":83,"column":18},"end":{"line":89,"column":5}},"line":83},"10":{"name":"(anonymous_10)","decl":{"start":{"line":90,"column":4},"end":{"line":90,"column":5}},"loc":{"start":{"line":90,"column":19},"end":{"line":106,"column":5}},"line":90},"11":{"name":"(anonymous_11)","decl":{"start":{"line":108,"column":4},"end":{"line":108,"column":5}},"loc":{"start":{"line":108,"column":13},"end":{"line":292,"column":13}},"line":108},"12":{"name":"(anonymous_12)","decl":{"start":{"line":122,"column":44},"end":{"line":122,"column":45}},"loc":{"start":{"line":122,"column":50},"end":{"line":124,"column":29}},"line":122},"13":{"name":"(anonymous_13)","decl":{"start":{"line":131,"column":49},"end":{"line":131,"column":50}},"loc":{"start":{"line":131,"column":55},"end":{"line":133,"column":41}},"line":131},"14":{"name":"(anonymous_14)","decl":{"start":{"line":152,"column":55},"end":{"line":152,"column":56}},"loc":{"start":{"line":152,"column":66},"end":{"line":156,"column":41}},"line":152},"15":{"name":"(anonymous_15)","decl":{"start":{"line":158,"column":94},"end":{"line":158,"column":95}},"loc":{"start":{"line":158,"column":111},"end":{"line":160,"column":41}},"line":158},"16":{"name":"(anonymous_16)","decl":{"start":{"line":166,"column":55},"end":{"line":166,"column":56}},"loc":{"start":{"line":166,"column":66},"end":{"line":170,"column":41}},"line":166},"17":{"name":"(anonymous_17)","decl":{"start":{"line":172,"column":100},"end":{"line":172,"column":101}},"loc":{"start":{"line":172,"column":117},"end":{"line":174,"column":41}},"line":172},"18":{"name":"(anonymous_18)","decl":{"start":{"line":183,"column":133},"end":{"line":183,"column":134}},"loc":{"start":{"line":183,"column":139},"end":{"line":185,"column":37}},"line":183},"19":{"name":"(anonymous_19)","decl":{"start":{"line":191,"column":121},"end":{"line":191,"column":122}},"loc":{"start":{"line":191,"column":127},"end":{"line":193,"column":37}},"line":191},"20":{"name":"(anonymous_20)","decl":{"start":{"line":200,"column":133},"end":{"line":200,"column":134}},"loc":{"start":{"line":200,"column":139},"end":{"line":202,"column":37}},"line":200},"21":{"name":"(anonymous_21)","decl":{"start":{"line":208,"column":121},"end":{"line":208,"column":122}},"loc":{"start":{"line":208,"column":127},"end":{"line":210,"column":37}},"line":208},"22":{"name":"(anonymous_22)","decl":{"start":{"line":217,"column":133},"end":{"line":217,"column":134}},"loc":{"start":{"line":217,"column":139},"end":{"line":219,"column":37}},"line":217},"23":{"name":"(anonymous_23)","decl":{"start":{"line":225,"column":121},"end":{"line":225,"column":122}},"loc":{"start":{"line":225,"column":127},"end":{"line":227,"column":37}},"line":225},"24":{"name":"(anonymous_24)","decl":{"start":{"line":234,"column":133},"end":{"line":234,"column":134}},"loc":{"start":{"line":234,"column":139},"end":{"line":236,"column":37}},"line":234},"25":{"name":"(anonymous_25)","decl":{"start":{"line":242,"column":121},"end":{"line":242,"column":122}},"loc":{"start":{"line":242,"column":127},"end":{"line":244,"column":37}},"line":242},"26":{"name":"(anonymous_26)","decl":{"start":{"line":253,"column":100},"end":{"line":253,"column":101}},"loc":{"start":{"line":253,"column":106},"end":{"line":255,"column":45}},"line":253},"27":{"name":"(anonymous_27)","decl":{"start":{"line":266,"column":100},"end":{"line":266,"column":101}},"loc":{"start":{"line":266,"column":106},"end":{"line":268,"column":45}},"line":266},"28":{"name":"(anonymous_28)","decl":{"start":{"line":293,"column":4},"end":{"line":293,"column":5}},"loc":{"start":{"line":293,"column":16},"end":{"line":318,"column":5}},"line":293},"29":{"name":"(anonymous_29)","decl":{"start":{"line":298,"column":93},"end":{"line":298,"column":94}},"loc":{"start":{"line":298,"column":105},"end":{"line":302,"column":21}},"line":298},"30":{"name":"(anonymous_30)","decl":{"start":{"line":309,"column":129},"end":{"line":309,"column":130}},"loc":{"start":{"line":309,"column":139},"end":{"line":314,"column":13}},"line":309},"31":{"name":"(anonymous_31)","decl":{"start":{"line":319,"column":4},"end":{"line":319,"column":5}},"loc":{"start":{"line":319,"column":27},"end":{"line":337,"column":9}},"line":319},"32":{"name":"(anonymous_32)","decl":{"start":{"line":324,"column":65},"end":{"line":324,"column":66}},"loc":{"start":{"line":324,"column":77},"end":{"line":327,"column":21}},"line":324},"33":{"name":"(anonymous_33)","decl":{"start":{"line":329,"column":90},"end":{"line":329,"column":91}},"loc":{"start":{"line":329,"column":100},"end":{"line":333,"column":21}},"line":329}},"branchMap":{"0":{"loc":{"start":{"line":61,"column":8},"end":{"line":79,"column":9}},"type":"if","locations":[{"start":{"line":61,"column":8},"end":{"line":79,"column":9}},{"start":{"line":61,"column":8},"end":{"line":79,"column":9}}],"line":61},"1":{"loc":{"start":{"line":62,"column":12},"end":{"line":76,"column":13}},"type":"if","locations":[{"start":{"line":62,"column":12},"end":{"line":76,"column":13}},{"start":{"line":62,"column":12},"end":{"line":76,"column":13}}],"line":62},"2":{"loc":{"start":{"line":84,"column":8},"end":{"line":88,"column":9}},"type":"if","locations":[{"start":{"line":84,"column":8},"end":{"line":88,"column":9}},{"start":{"line":84,"column":8},"end":{"line":88,"column":9}}],"line":84},"3":{"loc":{"start":{"line":95,"column":8},"end":{"line":105,"column":9}},"type":"if","locations":[{"start":{"line":95,"column":8},"end":{"line":105,"column":9}},{"start":{"line":95,"column":8},"end":{"line":105,"column":9}}],"line":95},"4":{"loc":{"start":{"line":95,"column":12},"end":{"line":95,"column":111}},"type":"binary-expr","locations":[{"start":{"line":95,"column":12},"end":{"line":95,"column":48}},{"start":{"line":95,"column":52},"end":{"line":95,"column":111}}],"line":95},"5":{"loc":{"start":{"line":99,"column":15},"end":{"line":105,"column":9}},"type":"if","locations":[{"start":{"line":99,"column":15},"end":{"line":105,"column":9}},{"start":{"line":99,"column":15},"end":{"line":105,"column":9}}],"line":99},"6":{"loc":{"start":{"line":99,"column":19},"end":{"line":99,"column":118}},"type":"binary-expr","locations":[{"start":{"line":99,"column":19},"end":{"line":99,"column":55}},{"start":{"line":99,"column":59},"end":{"line":99,"column":118}}],"line":99},"7":{"loc":{"start":{"line":128,"column":37},"end":{"line":128,"column":175}},"type":"cond-expr","locations":[{"start":{"line":128,"column":67},"end":{"line":128,"column":127}},{"start":{"line":128,"column":130},"end":{"line":128,"column":175}}],"line":128},"8":{"loc":{"start":{"line":145,"column":25},"end":{"line":286,"column":47}},"type":"cond-expr","locations":[{"start":{"line":145,"column":59},"end":{"line":286,"column":31}},{"start":{"line":286,"column":34},"end":{"line":286,"column":47}}],"line":145},"9":{"loc":{"start":{"line":158,"column":41},"end":{"line":160,"column":103}},"type":"cond-expr","locations":[{"start":{"line":158,"column":72},"end":{"line":160,"column":42}},{"start":{"line":160,"column":45},"end":{"line":160,"column":103}}],"line":158},"10":{"loc":{"start":{"line":172,"column":41},"end":{"line":174,"column":103}},"type":"cond-expr","locations":[{"start":{"line":172,"column":75},"end":{"line":174,"column":42}},{"start":{"line":174,"column":45},"end":{"line":174,"column":103}}],"line":172},"11":{"loc":{"start":{"line":179,"column":33},"end":{"line":282,"column":43}},"type":"cond-expr","locations":[{"start":{"line":179,"column":67},"end":{"line":278,"column":39}},{"start":{"line":278,"column":42},"end":{"line":282,"column":43}}],"line":179},"12":{"loc":{"start":{"line":183,"column":37},"end":{"line":199,"column":59}},"type":"cond-expr","locations":[{"start":{"line":183,"column":73},"end":{"line":191,"column":55}},{"start":{"line":191,"column":58},"end":{"line":199,"column":59}}],"line":183},"13":{"loc":{"start":{"line":200,"column":37},"end":{"line":216,"column":59}},"type":"cond-expr","locations":[{"start":{"line":200,"column":73},"end":{"line":208,"column":55}},{"start":{"line":208,"column":58},"end":{"line":216,"column":59}}],"line":200},"14":{"loc":{"start":{"line":217,"column":37},"end":{"line":233,"column":59}},"type":"cond-expr","locations":[{"start":{"line":217,"column":73},"end":{"line":225,"column":55}},{"start":{"line":225,"column":58},"end":{"line":233,"column":59}}],"line":217},"15":{"loc":{"start":{"line":234,"column":37},"end":{"line":250,"column":59}},"type":"cond-expr","locations":[{"start":{"line":234,"column":73},"end":{"line":242,"column":55}},{"start":{"line":242,"column":58},"end":{"line":250,"column":59}}],"line":234},"16":{"loc":{"start":{"line":297,"column":8},"end":{"line":317,"column":9}},"type":"if","locations":[{"start":{"line":297,"column":8},"end":{"line":317,"column":9}},{"start":{"line":297,"column":8},"end":{"line":317,"column":9}}],"line":297},"17":{"loc":{"start":{"line":323,"column":8},"end":{"line":334,"column":13}},"type":"if","locations":[{"start":{"line":323,"column":8},"end":{"line":334,"column":13}},{"start":{"line":323,"column":8},"end":{"line":334,"column":13}}],"line":323}},"s":{"0":1,"1":1,"2":1,"3":1,"4":0,"5":0,"6":0,"7":0,"8":0,"9":1,"10":1,"11":1,"12":1,"13":1,"14":1,"15":1,"16":1,"17":1,"18":1,"19":1,"20":1,"21":0,"22":0,"23":0,"24":0,"25":0,"26":0,"27":1,"28":1,"29":0,"30":1,"31":1,"32":1,"33":1,"34":0,"35":0,"36":1,"37":0,"38":0,"39":1,"40":6,"41":0,"42":0,"43":0,"44":0,"45":0,"46":0,"47":1,"48":1,"49":1,"50":0,"51":0,"52":0,"53":1,"54":1,"55":0,"56":0,"57":0,"58":0,"59":0,"60":0,"61":0,"62":0,"63":0,"64":0,"65":0,"66":0,"67":0,"68":1},"f":{"0":1,"1":1,"2":0,"3":0,"4":1,"5":1,"6":1,"7":1,"8":0,"9":1,"10":1,"11":6,"12":0,"13":0,"14":0,"15":0,"16":0,"17":0,"18":0,"19":0,"20":0,"21":0,"22":0,"23":0,"24":0,"25":0,"26":0,"27":0,"28":1,"29":0,"30":0,"31":0,"32":0,"33":0},"b":{"0":[1,0],"1":[1,0],"2":[1,0],"3":[0,1],"4":[1,0],"5":[0,1],"6":[1,0],"7":[6,0],"8":[6,0],"9":[0,6],"10":[0,6],"11":[0,6],"12":[0,0],"13":[0,0],"14":[0,0],"15":[0,0],"16":[0,1],"17":[0,0]},"_coverageSchema":"1a1c01bbd47fc00a2c39e90264f33305004495a9","hash":"96260aacc5598bd9dd91e34b60aef93ca054c8c7"}
,"/Users/DevAC/Desktop/Angaza/AngazaApplication/screens/Subjects.js": {"path":"/Users/DevAC/Desktop/Angaza/AngazaApplication/screens/Subjects.js","statementMap":{"0":{"start":{"line":11,"column":8},"end":{"line":11,"column":21}},"1":{"start":{"line":12,"column":8},"end":{"line":17,"column":10}},"2":{"start":{"line":18,"column":8},"end":{"line":18,"column":39}},"3":{"start":{"line":21,"column":31},"end":{"line":21,"column":41}},"4":{"start":{"line":23,"column":8},"end":{"line":23,"column":33}},"5":{"start":{"line":32,"column":30},"end":{"line":32,"column":69}},"6":{"start":{"line":33,"column":8},"end":{"line":33,"column":58}},"7":{"start":{"line":37,"column":8},"end":{"line":37,"column":40}},"8":{"start":{"line":38,"column":8},"end":{"line":45,"column":10}},"9":{"start":{"line":39,"column":12},"end":{"line":39,"column":34}},"10":{"start":{"line":40,"column":12},"end":{"line":43,"column":14}},"11":{"start":{"line":41,"column":16},"end":{"line":41,"column":38}},"12":{"start":{"line":42,"column":16},"end":{"line":42,"column":69}},"13":{"start":{"line":51,"column":29},"end":{"line":51,"column":68}},"14":{"start":{"line":53,"column":28},"end":{"line":53,"column":49}},"15":{"start":{"line":55,"column":8},"end":{"line":321,"column":9}},"16":{"start":{"line":324,"column":15},"end":{"line":497,"column":1}}},"fnMap":{"0":{"name":"(anonymous_0)","decl":{"start":{"line":10,"column":4},"end":{"line":10,"column":5}},"loc":{"start":{"line":10,"column":23},"end":{"line":19,"column":5}},"line":10},"1":{"name":"(anonymous_1)","decl":{"start":{"line":20,"column":4},"end":{"line":20,"column":5}},"loc":{"start":{"line":20,"column":24},"end":{"line":29,"column":5}},"line":20},"2":{"name":"(anonymous_2)","decl":{"start":{"line":31,"column":4},"end":{"line":31,"column":5}},"loc":{"start":{"line":31,"column":30},"end":{"line":34,"column":5}},"line":31},"3":{"name":"(anonymous_3)","decl":{"start":{"line":36,"column":4},"end":{"line":36,"column":5}},"loc":{"start":{"line":36,"column":18},"end":{"line":46,"column":5}},"line":36},"4":{"name":"(anonymous_4)","decl":{"start":{"line":38,"column":53},"end":{"line":38,"column":54}},"loc":{"start":{"line":38,"column":65},"end":{"line":45,"column":9}},"line":38},"5":{"name":"(anonymous_5)","decl":{"start":{"line":40,"column":56},"end":{"line":40,"column":57}},"loc":{"start":{"line":40,"column":68},"end":{"line":43,"column":13}},"line":40},"6":{"name":"(anonymous_6)","decl":{"start":{"line":49,"column":4},"end":{"line":49,"column":5}},"loc":{"start":{"line":49,"column":13},"end":{"line":322,"column":5}},"line":49},"7":{"name":"(anonymous_7)","decl":{"start":{"line":81,"column":76},"end":{"line":81,"column":77}},"loc":{"start":{"line":81,"column":82},"end":{"line":88,"column":29}},"line":81},"8":{"name":"(anonymous_8)","decl":{"start":{"line":93,"column":76},"end":{"line":93,"column":77}},"loc":{"start":{"line":93,"column":82},"end":{"line":98,"column":29}},"line":93},"9":{"name":"(anonymous_9)","decl":{"start":{"line":105,"column":76},"end":{"line":105,"column":77}},"loc":{"start":{"line":105,"column":82},"end":{"line":110,"column":29}},"line":105},"10":{"name":"(anonymous_10)","decl":{"start":{"line":115,"column":76},"end":{"line":115,"column":77}},"loc":{"start":{"line":115,"column":82},"end":{"line":120,"column":29}},"line":115},"11":{"name":"(anonymous_11)","decl":{"start":{"line":127,"column":76},"end":{"line":127,"column":77}},"loc":{"start":{"line":127,"column":82},"end":{"line":132,"column":29}},"line":127},"12":{"name":"(anonymous_12)","decl":{"start":{"line":137,"column":76},"end":{"line":137,"column":77}},"loc":{"start":{"line":137,"column":82},"end":{"line":142,"column":29}},"line":137},"13":{"name":"(anonymous_13)","decl":{"start":{"line":149,"column":76},"end":{"line":149,"column":77}},"loc":{"start":{"line":149,"column":82},"end":{"line":154,"column":29}},"line":149},"14":{"name":"(anonymous_14)","decl":{"start":{"line":159,"column":76},"end":{"line":159,"column":77}},"loc":{"start":{"line":159,"column":82},"end":{"line":164,"column":29}},"line":159},"15":{"name":"(anonymous_15)","decl":{"start":{"line":172,"column":80},"end":{"line":172,"column":81}},"loc":{"start":{"line":172,"column":86},"end":{"line":179,"column":33}},"line":172},"16":{"name":"(anonymous_16)","decl":{"start":{"line":184,"column":80},"end":{"line":184,"column":81}},"loc":{"start":{"line":184,"column":86},"end":{"line":189,"column":33}},"line":184},"17":{"name":"(anonymous_17)","decl":{"start":{"line":196,"column":80},"end":{"line":196,"column":81}},"loc":{"start":{"line":196,"column":86},"end":{"line":201,"column":33}},"line":196},"18":{"name":"(anonymous_18)","decl":{"start":{"line":206,"column":80},"end":{"line":206,"column":81}},"loc":{"start":{"line":206,"column":86},"end":{"line":211,"column":33}},"line":206},"19":{"name":"(anonymous_19)","decl":{"start":{"line":218,"column":80},"end":{"line":218,"column":81}},"loc":{"start":{"line":218,"column":86},"end":{"line":223,"column":33}},"line":218},"20":{"name":"(anonymous_20)","decl":{"start":{"line":228,"column":80},"end":{"line":228,"column":81}},"loc":{"start":{"line":228,"column":86},"end":{"line":233,"column":33}},"line":228},"21":{"name":"(anonymous_21)","decl":{"start":{"line":240,"column":80},"end":{"line":240,"column":81}},"loc":{"start":{"line":240,"column":86},"end":{"line":245,"column":33}},"line":240},"22":{"name":"(anonymous_22)","decl":{"start":{"line":250,"column":80},"end":{"line":250,"column":81}},"loc":{"start":{"line":250,"column":86},"end":{"line":255,"column":33}},"line":250},"23":{"name":"(anonymous_23)","decl":{"start":{"line":262,"column":80},"end":{"line":262,"column":81}},"loc":{"start":{"line":262,"column":86},"end":{"line":267,"column":33}},"line":262},"24":{"name":"(anonymous_24)","decl":{"start":{"line":272,"column":80},"end":{"line":272,"column":81}},"loc":{"start":{"line":272,"column":86},"end":{"line":277,"column":33}},"line":272},"25":{"name":"(anonymous_25)","decl":{"start":{"line":284,"column":80},"end":{"line":284,"column":81}},"loc":{"start":{"line":284,"column":86},"end":{"line":289,"column":33}},"line":284},"26":{"name":"(anonymous_26)","decl":{"start":{"line":294,"column":80},"end":{"line":294,"column":81}},"loc":{"start":{"line":294,"column":86},"end":{"line":299,"column":33}},"line":294},"27":{"name":"(anonymous_27)","decl":{"start":{"line":306,"column":80},"end":{"line":306,"column":81}},"loc":{"start":{"line":306,"column":86},"end":{"line":311,"column":33}},"line":306}},"branchMap":{},"s":{"0":2,"1":2,"2":2,"3":2,"4":2,"5":2,"6":2,"7":0,"8":0,"9":0,"10":0,"11":0,"12":0,"13":4,"14":4,"15":4,"16":1},"f":{"0":2,"1":2,"2":2,"3":0,"4":0,"5":0,"6":4,"7":0,"8":0,"9":0,"10":0,"11":0,"12":0,"13":0,"14":0,"15":0,"16":0,"17":0,"18":0,"19":0,"20":0,"21":0,"22":0,"23":0,"24":0,"25":0,"26":0,"27":0},"b":{},"_coverageSchema":"1a1c01bbd47fc00a2c39e90264f33305004495a9","hash":"8f7bf694364bb434672931eda7c6c472a2543645"}
,"/Users/DevAC/Desktop/Angaza/AngazaApplication/services/ContentRetrieval.js": {"path":"/Users/DevAC/Desktop/Angaza/AngazaApplication/services/ContentRetrieval.js","statementMap":{"0":{"start":{"line":8,"column":4},"end":{"line":11,"column":6}},"1":{"start":{"line":9,"column":8},"end":{"line":9,"column":30}},"2":{"start":{"line":10,"column":8},"end":{"line":10,"column":24}},"3":{"start":{"line":15,"column":23},"end":{"line":15,"column":50}},"4":{"start":{"line":17,"column":4},"end":{"line":26,"column":7}},"5":{"start":{"line":22,"column":8},"end":{"line":22,"column":30}},"6":{"start":{"line":23,"column":8},"end":{"line":23,"column":24}},"7":{"start":{"line":25,"column":8},"end":{"line":25,"column":44}},"8":{"start":{"line":31,"column":25},"end":{"line":31,"column":67}},"9":{"start":{"line":32,"column":17},"end":{"line":39,"column":6}},"10":{"start":{"line":40,"column":4},"end":{"line":40,"column":21}},"11":{"start":{"line":44,"column":4},"end":{"line":44,"column":22}},"12":{"start":{"line":45,"column":15},"end":{"line":54,"column":5}},"13":{"start":{"line":55,"column":4},"end":{"line":55,"column":22}},"14":{"start":{"line":56,"column":4},"end":{"line":66,"column":6}},"15":{"start":{"line":57,"column":8},"end":{"line":65,"column":10}},"16":{"start":{"line":63,"column":12},"end":{"line":63,"column":42}},"17":{"start":{"line":64,"column":12},"end":{"line":64,"column":36}},"18":{"start":{"line":70,"column":25},"end":{"line":70,"column":67}},"19":{"start":{"line":71,"column":17},"end":{"line":77,"column":6}},"20":{"start":{"line":78,"column":4},"end":{"line":78,"column":21}},"21":{"start":{"line":82,"column":4},"end":{"line":91,"column":6}},"22":{"start":{"line":83,"column":8},"end":{"line":90,"column":11}},"23":{"start":{"line":88,"column":12},"end":{"line":88,"column":42}},"24":{"start":{"line":89,"column":12},"end":{"line":89,"column":36}},"25":{"start":{"line":97,"column":25},"end":{"line":97,"column":67}},"26":{"start":{"line":98,"column":17},"end":{"line":105,"column":6}},"27":{"start":{"line":106,"column":4},"end":{"line":106,"column":21}},"28":{"start":{"line":111,"column":25},"end":{"line":111,"column":67}},"29":{"start":{"line":112,"column":17},"end":{"line":118,"column":6}},"30":{"start":{"line":119,"column":4},"end":{"line":119,"column":27}},"31":{"start":{"line":120,"column":4},"end":{"line":120,"column":21}},"32":{"start":{"line":125,"column":25},"end":{"line":125,"column":67}},"33":{"start":{"line":126,"column":17},"end":{"line":132,"column":6}},"34":{"start":{"line":133,"column":4},"end":{"line":133,"column":22}},"35":{"start":{"line":134,"column":4},"end":{"line":134,"column":21}}},"fnMap":{"0":{"name":"retrieveAccessToken","decl":{"start":{"line":7,"column":22},"end":{"line":7,"column":41}},"loc":{"start":{"line":7,"column":44},"end":{"line":12,"column":1}},"line":7},"1":{"name":"(anonymous_1)","decl":{"start":{"line":8,"column":52},"end":{"line":8,"column":53}},"loc":{"start":{"line":8,"column":64},"end":{"line":11,"column":5}},"line":8},"2":{"name":"retrieveClasses","decl":{"start":{"line":14,"column":22},"end":{"line":14,"column":37}},"loc":{"start":{"line":14,"column":55},"end":{"line":28,"column":1}},"line":14},"3":{"name":"(anonymous_3)","decl":{"start":{"line":21,"column":12},"end":{"line":21,"column":13}},"loc":{"start":{"line":21,"column":24},"end":{"line":24,"column":5}},"line":21},"4":{"name":"(anonymous_4)","decl":{"start":{"line":24,"column":7},"end":{"line":24,"column":8}},"loc":{"start":{"line":24,"column":14},"end":{"line":26,"column":5}},"line":24},"5":{"name":"retrieveQuiz","decl":{"start":{"line":29,"column":22},"end":{"line":29,"column":34}},"loc":{"start":{"line":29,"column":53},"end":{"line":41,"column":1}},"line":29},"6":{"name":"answerQuestion","decl":{"start":{"line":43,"column":22},"end":{"line":43,"column":36}},"loc":{"start":{"line":43,"column":111},"end":{"line":67,"column":1}},"line":43},"7":{"name":"(anonymous_7)","decl":{"start":{"line":56,"column":46},"end":{"line":56,"column":47}},"loc":{"start":{"line":56,"column":58},"end":{"line":66,"column":5}},"line":56},"8":{"name":"(anonymous_8)","decl":{"start":{"line":62,"column":16},"end":{"line":62,"column":17}},"loc":{"start":{"line":62,"column":28},"end":{"line":65,"column":9}},"line":62},"9":{"name":"retrieveNotes","decl":{"start":{"line":69,"column":22},"end":{"line":69,"column":35}},"loc":{"start":{"line":69,"column":49},"end":{"line":79,"column":1}},"line":69},"10":{"name":"retrieveSubjects","decl":{"start":{"line":81,"column":22},"end":{"line":81,"column":38}},"loc":{"start":{"line":81,"column":55},"end":{"line":93,"column":1}},"line":81},"11":{"name":"(anonymous_11)","decl":{"start":{"line":82,"column":52},"end":{"line":82,"column":53}},"loc":{"start":{"line":82,"column":64},"end":{"line":91,"column":5}},"line":82},"12":{"name":"(anonymous_12)","decl":{"start":{"line":87,"column":16},"end":{"line":87,"column":17}},"loc":{"start":{"line":87,"column":28},"end":{"line":90,"column":9}},"line":87},"13":{"name":"retrieveTopics","decl":{"start":{"line":95,"column":22},"end":{"line":95,"column":36}},"loc":{"start":{"line":95,"column":59},"end":{"line":108,"column":1}},"line":95},"14":{"name":"retrieveSubtopics","decl":{"start":{"line":110,"column":22},"end":{"line":110,"column":39}},"loc":{"start":{"line":110,"column":50},"end":{"line":122,"column":1}},"line":110},"15":{"name":"subscribeToPlan","decl":{"start":{"line":124,"column":22},"end":{"line":124,"column":37}},"loc":{"start":{"line":124,"column":46},"end":{"line":135,"column":1}},"line":124}},"branchMap":{},"s":{"0":1,"1":1,"2":1,"3":0,"4":0,"5":0,"6":0,"7":0,"8":4,"9":4,"10":0,"11":4,"12":4,"13":4,"14":4,"15":4,"16":0,"17":0,"18":1,"19":1,"20":0,"21":1,"22":1,"23":0,"24":0,"25":1,"26":1,"27":0,"28":1,"29":1,"30":0,"31":0,"32":1,"33":1,"34":0,"35":0},"f":{"0":1,"1":1,"2":0,"3":0,"4":0,"5":4,"6":4,"7":4,"8":0,"9":1,"10":1,"11":1,"12":0,"13":1,"14":1,"15":1},"b":{},"_coverageSchema":"1a1c01bbd47fc00a2c39e90264f33305004495a9","hash":"0a6f918bb36c3fdd4463d017e9e1d1721abbf356"}
}
