{"/Users/DevAC/Desktop/Angaza/AngazaApplication/assets/images/chat.png": {"path":"/Users/DevAC/Desktop/Angaza/AngazaApplication/assets/images/chat.png","statementMap":{"0":{"start":{"line":1,"column":0},"end":{"line":1,"column":19}}},"fnMap":{},"branchMap":{},"s":{"0":1},"f":{},"b":{},"inputSourceMap":null,"_coverageSchema":"1a1c01bbd47fc00a2c39e90264f33305004495a9","hash":"c9c6d96f4719dbf991b60fa53eac157e21b39490"}
,"/Users/DevAC/Desktop/Angaza/AngazaApplication/assets/images/notes.png": {"path":"/Users/DevAC/Desktop/Angaza/AngazaApplication/assets/images/notes.png","statementMap":{"0":{"start":{"line":1,"column":0},"end":{"line":1,"column":19}}},"fnMap":{},"branchMap":{},"s":{"0":1},"f":{},"b":{},"inputSourceMap":null,"_coverageSchema":"1a1c01bbd47fc00a2c39e90264f33305004495a9","hash":"c2e1db2d57654e4487ad199e0305160b11e8196f"}
,"/Users/DevAC/Desktop/Angaza/AngazaApplication/assets/images/profile.png": {"path":"/Users/DevAC/Desktop/Angaza/AngazaApplication/assets/images/profile.png","statementMap":{"0":{"start":{"line":1,"column":0},"end":{"line":1,"column":19}}},"fnMap":{},"branchMap":{},"s":{"0":1},"f":{},"b":{},"inputSourceMap":null,"_coverageSchema":"1a1c01bbd47fc00a2c39e90264f33305004495a9","hash":"0593b295a48768b69bfed1d30f61ff62bde8aaf8"}
,"/Users/DevAC/Desktop/Angaza/AngazaApplication/assets/images/revise.png": {"path":"/Users/DevAC/Desktop/Angaza/AngazaApplication/assets/images/revise.png","statementMap":{"0":{"start":{"line":1,"column":0},"end":{"line":1,"column":19}}},"fnMap":{},"branchMap":{},"s":{"0":1},"f":{},"b":{},"inputSourceMap":null,"_coverageSchema":"1a1c01bbd47fc00a2c39e90264f33305004495a9","hash":"a711cd9cc792c6ac4ba9bae3533abdad484c5b67"}
,"/Users/DevAC/Desktop/Angaza/AngazaApplication/assets/images/teacher.png": {"path":"/Users/DevAC/Desktop/Angaza/AngazaApplication/assets/images/teacher.png","statementMap":{"0":{"start":{"line":1,"column":0},"end":{"line":1,"column":19}}},"fnMap":{},"branchMap":{},"s":{"0":1},"f":{},"b":{},"inputSourceMap":null,"_coverageSchema":"1a1c01bbd47fc00a2c39e90264f33305004495a9","hash":"6645042a064a5307f310109e99e8efad33d4561e"}
,"/Users/DevAC/Desktop/Angaza/AngazaApplication/components/StyledText.js": {"path":"/Users/DevAC/Desktop/Angaza/AngazaApplication/components/StyledText.js","statementMap":{"0":{"start":{"line":5,"column":2},"end":{"line":5,"column":81}}},"fnMap":{"0":{"name":"MonoText","decl":{"start":{"line":4,"column":16},"end":{"line":4,"column":24}},"loc":{"start":{"line":4,"column":32},"end":{"line":6,"column":1}},"line":4}},"branchMap":{},"s":{"0":2},"f":{"0":2},"b":{},"_coverageSchema":"1a1c01bbd47fc00a2c39e90264f33305004495a9","hash":"9ed555b6107713f277640db159a93055d17a7446"}
,"/Users/DevAC/Desktop/Angaza/AngazaApplication/screens/Assignment.js": {"path":"/Users/DevAC/Desktop/Angaza/AngazaApplication/screens/Assignment.js","statementMap":{"0":{"start":{"line":17,"column":8},"end":{"line":17,"column":21}},"1":{"start":{"line":18,"column":8},"end":{"line":36,"column":10}},"2":{"start":{"line":40,"column":8},"end":{"line":40,"column":37}},"3":{"start":{"line":41,"column":8},"end":{"line":41,"column":190}},"4":{"start":{"line":41,"column":80},"end":{"line":41,"column":188}},"5":{"start":{"line":45,"column":8},"end":{"line":45,"column":25}},"6":{"start":{"line":46,"column":8},"end":{"line":46,"column":37}},"7":{"start":{"line":47,"column":8},"end":{"line":47,"column":42}},"8":{"start":{"line":51,"column":8},"end":{"line":61,"column":62}},"9":{"start":{"line":52,"column":12},"end":{"line":60,"column":407}},"10":{"start":{"line":54,"column":16},"end":{"line":54,"column":142}},"11":{"start":{"line":55,"column":16},"end":{"line":59,"column":18}},"12":{"start":{"line":56,"column":20},"end":{"line":56,"column":62}},"13":{"start":{"line":57,"column":20},"end":{"line":57,"column":42}},"14":{"start":{"line":58,"column":20},"end":{"line":58,"column":106}},"15":{"start":{"line":60,"column":20},"end":{"line":60,"column":92}},"16":{"start":{"line":60,"column":92},"end":{"line":60,"column":406}},"17":{"start":{"line":60,"column":277},"end":{"line":60,"column":320}},"18":{"start":{"line":60,"column":320},"end":{"line":60,"column":404}},"19":{"start":{"line":61,"column":16},"end":{"line":61,"column":61}},"20":{"start":{"line":64,"column":8},"end":{"line":68,"column":9}},"21":{"start":{"line":65,"column":12},"end":{"line":65,"column":52}},"22":{"start":{"line":67,"column":12},"end":{"line":67,"column":50}},"23":{"start":{"line":71,"column":25},"end":{"line":71,"column":46}},"24":{"start":{"line":72,"column":8},"end":{"line":72,"column":72}},"25":{"start":{"line":74,"column":8},"end":{"line":74,"column":58}},"26":{"start":{"line":75,"column":8},"end":{"line":79,"column":62}},"27":{"start":{"line":76,"column":12},"end":{"line":76,"column":79}},"28":{"start":{"line":77,"column":12},"end":{"line":77,"column":193}},"29":{"start":{"line":78,"column":15},"end":{"line":79,"column":62}},"30":{"start":{"line":78,"column":120},"end":{"line":78,"column":158}},"31":{"start":{"line":78,"column":158},"end":{"line":78,"column":175}},"32":{"start":{"line":79,"column":16},"end":{"line":79,"column":61}},"33":{"start":{"line":83,"column":28},"end":{"line":83,"column":30}},"34":{"start":{"line":84,"column":29},"end":{"line":84,"column":68}},"35":{"start":{"line":85,"column":38},"end":{"line":85,"column":59}},"36":{"start":{"line":86,"column":23},"end":{"line":86,"column":134}},"37":{"start":{"line":87,"column":23},"end":{"line":87,"column":38}},"38":{"start":{"line":88,"column":35},"end":{"line":88,"column":50}},"39":{"start":{"line":89,"column":23},"end":{"line":89,"column":38}},"40":{"start":{"line":90,"column":35},"end":{"line":90,"column":50}},"41":{"start":{"line":91,"column":23},"end":{"line":91,"column":38}},"42":{"start":{"line":92,"column":35},"end":{"line":92,"column":50}},"43":{"start":{"line":93,"column":23},"end":{"line":93,"column":38}},"44":{"start":{"line":94,"column":35},"end":{"line":94,"column":50}},"45":{"start":{"line":95,"column":27},"end":{"line":95,"column":141}},"46":{"start":{"line":97,"column":8},"end":{"line":213,"column":9}},"47":{"start":{"line":150,"column":136},"end":{"line":150,"column":158}},"48":{"start":{"line":153,"column":124},"end":{"line":153,"column":146}},"49":{"start":{"line":157,"column":136},"end":{"line":157,"column":158}},"50":{"start":{"line":160,"column":124},"end":{"line":160,"column":146}},"51":{"start":{"line":164,"column":136},"end":{"line":164,"column":158}},"52":{"start":{"line":168,"column":124},"end":{"line":168,"column":146}},"53":{"start":{"line":173,"column":136},"end":{"line":173,"column":158}},"54":{"start":{"line":177,"column":124},"end":{"line":177,"column":146}},"55":{"start":{"line":184,"column":104},"end":{"line":184,"column":123}},"56":{"start":{"line":189,"column":104},"end":{"line":189,"column":124}},"57":{"start":{"line":218,"column":8},"end":{"line":218,"column":41}},"58":{"start":{"line":219,"column":8},"end":{"line":219,"column":41}},"59":{"start":{"line":220,"column":8},"end":{"line":224,"column":9}},"60":{"start":{"line":221,"column":12},"end":{"line":221,"column":150}},"61":{"start":{"line":221,"column":98},"end":{"line":221,"column":148}},"62":{"start":{"line":223,"column":12},"end":{"line":223,"column":202}},"63":{"start":{"line":223,"column":140},"end":{"line":223,"column":199}},"64":{"start":{"line":227,"column":8},"end":{"line":227,"column":41}},"65":{"start":{"line":228,"column":8},"end":{"line":228,"column":319}},"66":{"start":{"line":228,"column":46},"end":{"line":228,"column":164}},"67":{"start":{"line":228,"column":104},"end":{"line":228,"column":162}},"68":{"start":{"line":228,"column":173},"end":{"line":228,"column":318}},"69":{"start":{"line":228,"column":254},"end":{"line":228,"column":315}},"70":{"start":{"line":231,"column":15},"end":{"line":519,"column":1}}},"fnMap":{"0":{"name":"(anonymous_0)","decl":{"start":{"line":16,"column":4},"end":{"line":16,"column":5}},"loc":{"start":{"line":16,"column":23},"end":{"line":37,"column":5}},"line":16},"1":{"name":"(anonymous_1)","decl":{"start":{"line":39,"column":4},"end":{"line":39,"column":5}},"loc":{"start":{"line":39,"column":24},"end":{"line":42,"column":5}},"line":39},"2":{"name":"(anonymous_2)","decl":{"start":{"line":41,"column":67},"end":{"line":41,"column":68}},"loc":{"start":{"line":41,"column":79},"end":{"line":41,"column":189}},"line":41},"3":{"name":"(anonymous_3)","decl":{"start":{"line":43,"column":4},"end":{"line":43,"column":5}},"loc":{"start":{"line":43,"column":24},"end":{"line":48,"column":5}},"line":43},"4":{"name":"(anonymous_4)","decl":{"start":{"line":50,"column":4},"end":{"line":50,"column":5}},"loc":{"start":{"line":50,"column":30},"end":{"line":62,"column":5}},"line":50},"5":{"name":"(anonymous_5)","decl":{"start":{"line":55,"column":189},"end":{"line":55,"column":190}},"loc":{"start":{"line":55,"column":201},"end":{"line":59,"column":17}},"line":55},"6":{"name":"(anonymous_6)","decl":{"start":{"line":60,"column":264},"end":{"line":60,"column":265}},"loc":{"start":{"line":60,"column":276},"end":{"line":60,"column":405}},"line":60},"7":{"name":"(anonymous_7)","decl":{"start":{"line":63,"column":4},"end":{"line":63,"column":5}},"loc":{"start":{"line":63,"column":18},"end":{"line":69,"column":5}},"line":63},"8":{"name":"(anonymous_8)","decl":{"start":{"line":70,"column":4},"end":{"line":70,"column":5}},"loc":{"start":{"line":70,"column":19},"end":{"line":80,"column":5}},"line":70},"9":{"name":"(anonymous_9)","decl":{"start":{"line":82,"column":4},"end":{"line":82,"column":5}},"loc":{"start":{"line":82,"column":13},"end":{"line":215,"column":5}},"line":82},"10":{"name":"(anonymous_10)","decl":{"start":{"line":118,"column":45},"end":{"line":118,"column":46}},"loc":{"start":{"line":118,"column":51},"end":{"line":120,"column":37}},"line":118},"11":{"name":"(anonymous_11)","decl":{"start":{"line":150,"column":129},"end":{"line":150,"column":130}},"loc":{"start":{"line":150,"column":135},"end":{"line":150,"column":159}},"line":150},"12":{"name":"(anonymous_12)","decl":{"start":{"line":153,"column":117},"end":{"line":153,"column":118}},"loc":{"start":{"line":153,"column":123},"end":{"line":153,"column":147}},"line":153},"13":{"name":"(anonymous_13)","decl":{"start":{"line":157,"column":129},"end":{"line":157,"column":130}},"loc":{"start":{"line":157,"column":135},"end":{"line":157,"column":159}},"line":157},"14":{"name":"(anonymous_14)","decl":{"start":{"line":160,"column":117},"end":{"line":160,"column":118}},"loc":{"start":{"line":160,"column":123},"end":{"line":160,"column":147}},"line":160},"15":{"name":"(anonymous_15)","decl":{"start":{"line":164,"column":129},"end":{"line":164,"column":130}},"loc":{"start":{"line":164,"column":135},"end":{"line":164,"column":159}},"line":164},"16":{"name":"(anonymous_16)","decl":{"start":{"line":168,"column":117},"end":{"line":168,"column":118}},"loc":{"start":{"line":168,"column":123},"end":{"line":168,"column":147}},"line":168},"17":{"name":"(anonymous_17)","decl":{"start":{"line":173,"column":129},"end":{"line":173,"column":130}},"loc":{"start":{"line":173,"column":135},"end":{"line":173,"column":159}},"line":173},"18":{"name":"(anonymous_18)","decl":{"start":{"line":177,"column":117},"end":{"line":177,"column":118}},"loc":{"start":{"line":177,"column":123},"end":{"line":177,"column":147}},"line":177},"19":{"name":"(anonymous_19)","decl":{"start":{"line":184,"column":96},"end":{"line":184,"column":97}},"loc":{"start":{"line":184,"column":102},"end":{"line":184,"column":125}},"line":184},"20":{"name":"(anonymous_20)","decl":{"start":{"line":189,"column":96},"end":{"line":189,"column":97}},"loc":{"start":{"line":189,"column":102},"end":{"line":189,"column":126}},"line":189},"21":{"name":"(anonymous_21)","decl":{"start":{"line":216,"column":4},"end":{"line":216,"column":5}},"loc":{"start":{"line":216,"column":16},"end":{"line":225,"column":5}},"line":216},"22":{"name":"(anonymous_22)","decl":{"start":{"line":221,"column":85},"end":{"line":221,"column":86}},"loc":{"start":{"line":221,"column":97},"end":{"line":221,"column":149}},"line":221},"23":{"name":"(anonymous_23)","decl":{"start":{"line":223,"column":129},"end":{"line":223,"column":130}},"loc":{"start":{"line":223,"column":139},"end":{"line":223,"column":200}},"line":223},"24":{"name":"(anonymous_24)","decl":{"start":{"line":226,"column":4},"end":{"line":226,"column":5}},"loc":{"start":{"line":226,"column":27},"end":{"line":229,"column":5}},"line":226},"25":{"name":"(anonymous_25)","decl":{"start":{"line":228,"column":91},"end":{"line":228,"column":92}},"loc":{"start":{"line":228,"column":103},"end":{"line":228,"column":163}},"line":228},"26":{"name":"(anonymous_26)","decl":{"start":{"line":228,"column":243},"end":{"line":228,"column":244}},"loc":{"start":{"line":228,"column":253},"end":{"line":228,"column":316}},"line":228}},"branchMap":{"0":{"loc":{"start":{"line":51,"column":8},"end":{"line":61,"column":62}},"type":"if","locations":[{"start":{"line":51,"column":8},"end":{"line":61,"column":62}},{"start":{"line":51,"column":8},"end":{"line":61,"column":62}}],"line":51},"1":{"loc":{"start":{"line":52,"column":12},"end":{"line":60,"column":407}},"type":"if","locations":[{"start":{"line":52,"column":12},"end":{"line":60,"column":407}},{"start":{"line":52,"column":12},"end":{"line":60,"column":407}}],"line":52},"2":{"loc":{"start":{"line":64,"column":8},"end":{"line":68,"column":9}},"type":"if","locations":[{"start":{"line":64,"column":8},"end":{"line":68,"column":9}},{"start":{"line":64,"column":8},"end":{"line":68,"column":9}}],"line":64},"3":{"loc":{"start":{"line":75,"column":8},"end":{"line":79,"column":62}},"type":"if","locations":[{"start":{"line":75,"column":8},"end":{"line":79,"column":62}},{"start":{"line":75,"column":8},"end":{"line":79,"column":62}}],"line":75},"4":{"loc":{"start":{"line":75,"column":12},"end":{"line":75,"column":111}},"type":"binary-expr","locations":[{"start":{"line":75,"column":12},"end":{"line":75,"column":48}},{"start":{"line":75,"column":52},"end":{"line":75,"column":111}}],"line":75},"5":{"loc":{"start":{"line":78,"column":15},"end":{"line":79,"column":62}},"type":"if","locations":[{"start":{"line":78,"column":15},"end":{"line":79,"column":62}},{"start":{"line":78,"column":15},"end":{"line":79,"column":62}}],"line":78},"6":{"loc":{"start":{"line":78,"column":18},"end":{"line":78,"column":117}},"type":"binary-expr","locations":[{"start":{"line":78,"column":18},"end":{"line":78,"column":54}},{"start":{"line":78,"column":58},"end":{"line":78,"column":117}}],"line":78},"7":{"loc":{"start":{"line":115,"column":33},"end":{"line":115,"column":171}},"type":"cond-expr","locations":[{"start":{"line":115,"column":63},"end":{"line":115,"column":123}},{"start":{"line":115,"column":126},"end":{"line":115,"column":171}}],"line":115},"8":{"loc":{"start":{"line":132,"column":21},"end":{"line":210,"column":43}},"type":"cond-expr","locations":[{"start":{"line":132,"column":55},"end":{"line":210,"column":27}},{"start":{"line":210,"column":30},"end":{"line":210,"column":43}}],"line":132},"9":{"loc":{"start":{"line":146,"column":29},"end":{"line":206,"column":39}},"type":"cond-expr","locations":[{"start":{"line":146,"column":63},"end":{"line":202,"column":35}},{"start":{"line":202,"column":38},"end":{"line":206,"column":39}}],"line":146},"10":{"loc":{"start":{"line":150,"column":33},"end":{"line":156,"column":55}},"type":"cond-expr","locations":[{"start":{"line":150,"column":69},"end":{"line":153,"column":51}},{"start":{"line":153,"column":54},"end":{"line":156,"column":55}}],"line":150},"11":{"loc":{"start":{"line":157,"column":33},"end":{"line":163,"column":55}},"type":"cond-expr","locations":[{"start":{"line":157,"column":69},"end":{"line":160,"column":51}},{"start":{"line":160,"column":54},"end":{"line":163,"column":55}}],"line":157},"12":{"loc":{"start":{"line":164,"column":33},"end":{"line":172,"column":55}},"type":"cond-expr","locations":[{"start":{"line":164,"column":69},"end":{"line":168,"column":51}},{"start":{"line":168,"column":54},"end":{"line":172,"column":55}}],"line":164},"13":{"loc":{"start":{"line":173,"column":33},"end":{"line":181,"column":55}},"type":"cond-expr","locations":[{"start":{"line":173,"column":69},"end":{"line":177,"column":51}},{"start":{"line":177,"column":54},"end":{"line":181,"column":55}}],"line":173},"14":{"loc":{"start":{"line":220,"column":8},"end":{"line":224,"column":9}},"type":"if","locations":[{"start":{"line":220,"column":8},"end":{"line":224,"column":9}},{"start":{"line":220,"column":8},"end":{"line":224,"column":9}}],"line":220},"15":{"loc":{"start":{"line":228,"column":8},"end":{"line":228,"column":319}},"type":"if","locations":[{"start":{"line":228,"column":8},"end":{"line":228,"column":319}},{"start":{"line":228,"column":8},"end":{"line":228,"column":319}}],"line":228}},"s":{"0":2,"1":2,"2":2,"3":2,"4":0,"5":2,"6":2,"7":2,"8":2,"9":2,"10":2,"11":2,"12":2,"13":2,"14":2,"15":0,"16":0,"17":0,"18":0,"19":0,"20":2,"21":2,"22":0,"23":2,"24":2,"25":2,"26":2,"27":2,"28":2,"29":0,"30":0,"31":0,"32":0,"33":18,"34":18,"35":18,"36":18,"37":18,"38":18,"39":18,"40":18,"41":18,"42":18,"43":18,"44":18,"45":18,"46":18,"47":0,"48":0,"49":0,"50":0,"51":0,"52":0,"53":0,"54":0,"55":0,"56":0,"57":3,"58":3,"59":3,"60":0,"61":0,"62":3,"63":0,"64":1,"65":1,"66":0,"67":0,"68":1,"69":0,"70":1},"f":{"0":2,"1":2,"2":0,"3":2,"4":2,"5":2,"6":0,"7":2,"8":2,"9":18,"10":0,"11":0,"12":0,"13":0,"14":0,"15":0,"16":0,"17":0,"18":0,"19":0,"20":0,"21":3,"22":0,"23":0,"24":1,"25":0,"26":0},"b":{"0":[2,0],"1":[2,0],"2":[2,0],"3":[2,0],"4":[2,2],"5":[0,0],"6":[0,0],"7":[14,4],"8":[18,0],"9":[0,18],"10":[0,0],"11":[0,0],"12":[0,0],"13":[0,0],"14":[0,3],"15":[0,1]},"_coverageSchema":"1a1c01bbd47fc00a2c39e90264f33305004495a9","hash":"5fbe977a0e4ff113c6fb2254c958059c633fd73b"}
,"/Users/DevAC/Desktop/Angaza/AngazaApplication/screens/Classes.js": {"path":"/Users/DevAC/Desktop/Angaza/AngazaApplication/screens/Classes.js","statementMap":{"0":{"start":{"line":8,"column":8},"end":{"line":8,"column":21}},"1":{"start":{"line":9,"column":8},"end":{"line":13,"column":10}},"2":{"start":{"line":18,"column":8},"end":{"line":18,"column":32}},"3":{"start":{"line":21,"column":29},"end":{"line":21,"column":68}},"4":{"start":{"line":22,"column":8},"end":{"line":22,"column":39}},"5":{"start":{"line":23,"column":8},"end":{"line":23,"column":55}},"6":{"start":{"line":27,"column":29},"end":{"line":27,"column":68}},"7":{"start":{"line":29,"column":38},"end":{"line":29,"column":59}},"8":{"start":{"line":30,"column":8},"end":{"line":207,"column":9}},"9":{"start":{"line":210,"column":15},"end":{"line":390,"column":1}}},"fnMap":{"0":{"name":"(anonymous_0)","decl":{"start":{"line":7,"column":4},"end":{"line":7,"column":5}},"loc":{"start":{"line":7,"column":23},"end":{"line":14,"column":5}},"line":7},"1":{"name":"(anonymous_1)","decl":{"start":{"line":16,"column":4},"end":{"line":16,"column":5}},"loc":{"start":{"line":16,"column":24},"end":{"line":19,"column":5}},"line":16},"2":{"name":"(anonymous_2)","decl":{"start":{"line":20,"column":4},"end":{"line":20,"column":5}},"loc":{"start":{"line":20,"column":29},"end":{"line":24,"column":5}},"line":20},"3":{"name":"(anonymous_3)","decl":{"start":{"line":25,"column":4},"end":{"line":25,"column":5}},"loc":{"start":{"line":25,"column":13},"end":{"line":208,"column":5}},"line":25},"4":{"name":"(anonymous_4)","decl":{"start":{"line":57,"column":104},"end":{"line":57,"column":105}},"loc":{"start":{"line":57,"column":110},"end":{"line":63,"column":29}},"line":57},"5":{"name":"(anonymous_5)","decl":{"start":{"line":69,"column":102},"end":{"line":69,"column":103}},"loc":{"start":{"line":69,"column":108},"end":{"line":75,"column":29}},"line":69},"6":{"name":"(anonymous_6)","decl":{"start":{"line":81,"column":83},"end":{"line":81,"column":84}},"loc":{"start":{"line":81,"column":89},"end":{"line":87,"column":29}},"line":81},"7":{"name":"(anonymous_7)","decl":{"start":{"line":93,"column":83},"end":{"line":93,"column":84}},"loc":{"start":{"line":93,"column":89},"end":{"line":99,"column":29}},"line":93},"8":{"name":"(anonymous_8)","decl":{"start":{"line":105,"column":83},"end":{"line":105,"column":84}},"loc":{"start":{"line":105,"column":89},"end":{"line":111,"column":29}},"line":105},"9":{"name":"(anonymous_9)","decl":{"start":{"line":117,"column":83},"end":{"line":117,"column":84}},"loc":{"start":{"line":117,"column":89},"end":{"line":123,"column":29}},"line":117},"10":{"name":"(anonymous_10)","decl":{"start":{"line":129,"column":83},"end":{"line":129,"column":84}},"loc":{"start":{"line":129,"column":89},"end":{"line":135,"column":29}},"line":129},"11":{"name":"(anonymous_11)","decl":{"start":{"line":141,"column":83},"end":{"line":141,"column":84}},"loc":{"start":{"line":141,"column":89},"end":{"line":147,"column":29}},"line":141},"12":{"name":"(anonymous_12)","decl":{"start":{"line":156,"column":87},"end":{"line":156,"column":88}},"loc":{"start":{"line":156,"column":93},"end":{"line":162,"column":33}},"line":156},"13":{"name":"(anonymous_13)","decl":{"start":{"line":168,"column":87},"end":{"line":168,"column":88}},"loc":{"start":{"line":168,"column":93},"end":{"line":174,"column":33}},"line":168},"14":{"name":"(anonymous_14)","decl":{"start":{"line":180,"column":87},"end":{"line":180,"column":88}},"loc":{"start":{"line":180,"column":93},"end":{"line":186,"column":33}},"line":180},"15":{"name":"(anonymous_15)","decl":{"start":{"line":192,"column":87},"end":{"line":192,"column":88}},"loc":{"start":{"line":192,"column":93},"end":{"line":198,"column":33}},"line":192}},"branchMap":{"0":{"loc":{"start":{"line":53,"column":21},"end":{"line":204,"column":37}},"type":"cond-expr","locations":[{"start":{"line":53,"column":62},"end":{"line":152,"column":33}},{"start":{"line":152,"column":36},"end":{"line":204,"column":37}}],"line":53}},"s":{"0":1,"1":1,"2":1,"3":1,"4":1,"5":1,"6":2,"7":2,"8":2,"9":1},"f":{"0":1,"1":1,"2":1,"3":2,"4":0,"5":0,"6":0,"7":0,"8":0,"9":0,"10":0,"11":0,"12":0,"13":0,"14":0,"15":0},"b":{"0":[0,2]},"_coverageSchema":"1a1c01bbd47fc00a2c39e90264f33305004495a9","hash":"425a492cd0053ae1b32600871a457ceb411bdc9c"}
,"/Users/DevAC/Desktop/Angaza/AngazaApplication/screens/Home.js": {"path":"/Users/DevAC/Desktop/Angaza/AngazaApplication/screens/Home.js","statementMap":{"0":{"start":{"line":13,"column":8},"end":{"line":13,"column":21}},"1":{"start":{"line":14,"column":8},"end":{"line":16,"column":10}},"2":{"start":{"line":21,"column":38},"end":{"line":21,"column":59}},"3":{"start":{"line":38,"column":28},"end":{"line":38,"column":66}},"4":{"start":{"line":40,"column":26},"end":{"line":40,"column":62}},"5":{"start":{"line":42,"column":29},"end":{"line":42,"column":68}},"6":{"start":{"line":43,"column":27},"end":{"line":43,"column":64}},"7":{"start":{"line":45,"column":38},"end":{"line":45,"column":59}},"8":{"start":{"line":46,"column":8},"end":{"line":167,"column":10}},"9":{"start":{"line":170,"column":15},"end":{"line":377,"column":1}}},"fnMap":{"0":{"name":"(anonymous_0)","decl":{"start":{"line":12,"column":4},"end":{"line":12,"column":5}},"loc":{"start":{"line":12,"column":23},"end":{"line":18,"column":5}},"line":12},"1":{"name":"(anonymous_1)","decl":{"start":{"line":19,"column":4},"end":{"line":19,"column":5}},"loc":{"start":{"line":19,"column":25},"end":{"line":34,"column":5}},"line":19},"2":{"name":"(anonymous_2)","decl":{"start":{"line":35,"column":4},"end":{"line":35,"column":5}},"loc":{"start":{"line":35,"column":13},"end":{"line":168,"column":5}},"line":35},"3":{"name":"(anonymous_3)","decl":{"start":{"line":85,"column":92},"end":{"line":85,"column":93}},"loc":{"start":{"line":85,"column":98},"end":{"line":89,"column":37}},"line":85},"4":{"name":"(anonymous_4)","decl":{"start":{"line":102,"column":96},"end":{"line":102,"column":97}},"loc":{"start":{"line":102,"column":102},"end":{"line":107,"column":41}},"line":102},"5":{"name":"(anonymous_5)","decl":{"start":{"line":112,"column":96},"end":{"line":112,"column":97}},"loc":{"start":{"line":112,"column":102},"end":{"line":114,"column":41}},"line":112},"6":{"name":"(anonymous_6)","decl":{"start":{"line":125,"column":89},"end":{"line":125,"column":90}},"loc":{"start":{"line":125,"column":95},"end":{"line":129,"column":33}},"line":125}},"branchMap":{},"s":{"0":2,"1":2,"2":2,"3":2,"4":2,"5":2,"6":2,"7":2,"8":2,"9":1},"f":{"0":2,"1":2,"2":2,"3":0,"4":0,"5":0,"6":0},"b":{},"_coverageSchema":"1a1c01bbd47fc00a2c39e90264f33305004495a9","hash":"45ce89d35813e38a8599e43a2e99b92f60a5c59f"}
,"/Users/DevAC/Desktop/Angaza/AngazaApplication/screens/HomeScreen.js": {"path":"/Users/DevAC/Desktop/Angaza/AngazaApplication/screens/HomeScreen.js","statementMap":{"0":{"start":{"line":14,"column":14},"end":{"line":14,"column":36}},"1":{"start":{"line":15,"column":16},"end":{"line":18,"column":1}},"2":{"start":{"line":24,"column":4},"end":{"line":50,"column":6}},"3":{"start":{"line":57,"column":0},"end":{"line":59,"column":2}}},"fnMap":{"0":{"name":"(anonymous_0)","decl":{"start":{"line":23,"column":2},"end":{"line":23,"column":3}},"loc":{"start":{"line":23,"column":11},"end":{"line":51,"column":3}},"line":23}},"branchMap":{},"s":{"0":1,"1":1,"2":1,"3":1},"f":{"0":1},"b":{},"_coverageSchema":"1a1c01bbd47fc00a2c39e90264f33305004495a9","hash":"c20552718593aa06c433ec135c0d866b4201d495"}
,"/Users/DevAC/Desktop/Angaza/AngazaApplication/screens/Notes.js": {"path":"/Users/DevAC/Desktop/Angaza/AngazaApplication/screens/Notes.js","statementMap":{"0":{"start":{"line":15,"column":8},"end":{"line":15,"column":21}},"1":{"start":{"line":16,"column":8},"end":{"line":26,"column":10}},"2":{"start":{"line":29,"column":8},"end":{"line":33,"column":11}},"3":{"start":{"line":30,"column":12},"end":{"line":30,"column":50}},"4":{"start":{"line":32,"column":12},"end":{"line":32,"column":29}},"5":{"start":{"line":35,"column":8},"end":{"line":35,"column":30}},"6":{"start":{"line":41,"column":28},"end":{"line":41,"column":30}},"7":{"start":{"line":42,"column":29},"end":{"line":42,"column":68}},"8":{"start":{"line":43,"column":38},"end":{"line":43,"column":59}},"9":{"start":{"line":44,"column":8},"end":{"line":63,"column":9}},"10":{"start":{"line":55,"column":161},"end":{"line":55,"column":212}},"11":{"start":{"line":55,"column":212},"end":{"line":55,"column":236}},"12":{"start":{"line":55,"column":365},"end":{"line":55,"column":441}},"13":{"start":{"line":56,"column":166},"end":{"line":56,"column":209}},"14":{"start":{"line":56,"column":209},"end":{"line":56,"column":230}},"15":{"start":{"line":57,"column":109},"end":{"line":57,"column":188}},"16":{"start":{"line":69,"column":8},"end":{"line":69,"column":41}},"17":{"start":{"line":70,"column":8},"end":{"line":70,"column":41}},"18":{"start":{"line":71,"column":8},"end":{"line":87,"column":9}},"19":{"start":{"line":72,"column":12},"end":{"line":72,"column":151}},"20":{"start":{"line":72,"column":98},"end":{"line":72,"column":149}},"21":{"start":{"line":74,"column":12},"end":{"line":78,"column":13}},"22":{"start":{"line":79,"column":12},"end":{"line":84,"column":15}},"23":{"start":{"line":81,"column":16},"end":{"line":81,"column":34}},"24":{"start":{"line":82,"column":16},"end":{"line":82,"column":60}},"25":{"start":{"line":83,"column":16},"end":{"line":83,"column":50}},"26":{"start":{"line":91,"column":8},"end":{"line":91,"column":41}},"27":{"start":{"line":92,"column":8},"end":{"line":92,"column":30}},"28":{"start":{"line":93,"column":8},"end":{"line":97,"column":9}},"29":{"start":{"line":94,"column":12},"end":{"line":94,"column":130}},"30":{"start":{"line":94,"column":70},"end":{"line":94,"column":128}},"31":{"start":{"line":96,"column":12},"end":{"line":96,"column":156}},"32":{"start":{"line":96,"column":93},"end":{"line":96,"column":153}},"33":{"start":{"line":103,"column":8},"end":{"line":103,"column":41}},"34":{"start":{"line":104,"column":8},"end":{"line":110,"column":9}},"35":{"start":{"line":105,"column":12},"end":{"line":105,"column":222}},"36":{"start":{"line":105,"column":69},"end":{"line":105,"column":219}},"37":{"start":{"line":107,"column":12},"end":{"line":108,"column":113}},"38":{"start":{"line":107,"column":72},"end":{"line":108,"column":110}},"39":{"start":{"line":107,"column":99},"end":{"line":107,"column":243}},"40":{"start":{"line":107,"column":243},"end":{"line":107,"column":277}},"41":{"start":{"line":108,"column":18},"end":{"line":108,"column":109}},"42":{"start":{"line":109,"column":12},"end":{"line":109,"column":46}},"43":{"start":{"line":113,"column":15},"end":{"line":313,"column":1}}},"fnMap":{"0":{"name":"(anonymous_0)","decl":{"start":{"line":14,"column":4},"end":{"line":14,"column":5}},"loc":{"start":{"line":14,"column":23},"end":{"line":27,"column":5}},"line":14},"1":{"name":"(anonymous_1)","decl":{"start":{"line":28,"column":4},"end":{"line":28,"column":5}},"loc":{"start":{"line":28,"column":24},"end":{"line":36,"column":5}},"line":28},"2":{"name":"(anonymous_2)","decl":{"start":{"line":29,"column":46},"end":{"line":29,"column":47}},"loc":{"start":{"line":29,"column":58},"end":{"line":33,"column":9}},"line":29},"3":{"name":"(anonymous_3)","decl":{"start":{"line":40,"column":4},"end":{"line":40,"column":5}},"loc":{"start":{"line":40,"column":13},"end":{"line":65,"column":5}},"line":40},"4":{"name":"(anonymous_4)","decl":{"start":{"line":55,"column":149},"end":{"line":55,"column":150}},"loc":{"start":{"line":55,"column":160},"end":{"line":55,"column":237}},"line":55},"5":{"name":"(anonymous_5)","decl":{"start":{"line":55,"column":347},"end":{"line":55,"column":348}},"loc":{"start":{"line":55,"column":364},"end":{"line":55,"column":442}},"line":55},"6":{"name":"(anonymous_6)","decl":{"start":{"line":56,"column":153},"end":{"line":56,"column":154}},"loc":{"start":{"line":56,"column":164},"end":{"line":56,"column":231}},"line":56},"7":{"name":"(anonymous_7)","decl":{"start":{"line":57,"column":91},"end":{"line":57,"column":92}},"loc":{"start":{"line":57,"column":108},"end":{"line":57,"column":189}},"line":57},"8":{"name":"(anonymous_8)","decl":{"start":{"line":67,"column":4},"end":{"line":67,"column":5}},"loc":{"start":{"line":67,"column":16},"end":{"line":88,"column":5}},"line":67},"9":{"name":"(anonymous_9)","decl":{"start":{"line":72,"column":85},"end":{"line":72,"column":86}},"loc":{"start":{"line":72,"column":97},"end":{"line":72,"column":150}},"line":72},"10":{"name":"(anonymous_10)","decl":{"start":{"line":79,"column":129},"end":{"line":79,"column":130}},"loc":{"start":{"line":79,"column":139},"end":{"line":84,"column":13}},"line":79},"11":{"name":"(anonymous_11)","decl":{"start":{"line":89,"column":4},"end":{"line":89,"column":5}},"loc":{"start":{"line":89,"column":27},"end":{"line":100,"column":5}},"line":89},"12":{"name":"(anonymous_12)","decl":{"start":{"line":94,"column":57},"end":{"line":94,"column":58}},"loc":{"start":{"line":94,"column":69},"end":{"line":94,"column":129}},"line":94},"13":{"name":"(anonymous_13)","decl":{"start":{"line":96,"column":82},"end":{"line":96,"column":83}},"loc":{"start":{"line":96,"column":92},"end":{"line":96,"column":154}},"line":96},"14":{"name":"(anonymous_14)","decl":{"start":{"line":101,"column":4},"end":{"line":101,"column":5}},"loc":{"start":{"line":101,"column":26},"end":{"line":111,"column":5}},"line":101},"15":{"name":"(anonymous_15)","decl":{"start":{"line":105,"column":56},"end":{"line":105,"column":57}},"loc":{"start":{"line":105,"column":68},"end":{"line":105,"column":220}},"line":105},"16":{"name":"(anonymous_16)","decl":{"start":{"line":107,"column":61},"end":{"line":107,"column":62}},"loc":{"start":{"line":107,"column":71},"end":{"line":108,"column":111}},"line":107}},"branchMap":{"0":{"loc":{"start":{"line":55,"column":294},"end":{"line":55,"column":504}},"type":"cond-expr","locations":[{"start":{"line":55,"column":325},"end":{"line":55,"column":443}},{"start":{"line":55,"column":446},"end":{"line":55,"column":504}}],"line":55},"1":{"loc":{"start":{"line":57,"column":33},"end":{"line":57,"column":251}},"type":"cond-expr","locations":[{"start":{"line":57,"column":66},"end":{"line":57,"column":190}},{"start":{"line":57,"column":193},"end":{"line":57,"column":251}}],"line":57},"2":{"loc":{"start":{"line":59,"column":63},"end":{"line":59,"column":195}},"type":"cond-expr","locations":[{"start":{"line":59,"column":91},"end":{"line":59,"column":179}},{"start":{"line":59,"column":182},"end":{"line":59,"column":195}}],"line":59},"3":{"loc":{"start":{"line":71,"column":8},"end":{"line":87,"column":9}},"type":"if","locations":[{"start":{"line":71,"column":8},"end":{"line":87,"column":9}},{"start":{"line":71,"column":8},"end":{"line":87,"column":9}}],"line":71},"4":{"loc":{"start":{"line":93,"column":8},"end":{"line":97,"column":9}},"type":"if","locations":[{"start":{"line":93,"column":8},"end":{"line":97,"column":9}},{"start":{"line":93,"column":8},"end":{"line":97,"column":9}}],"line":93},"5":{"loc":{"start":{"line":104,"column":8},"end":{"line":110,"column":9}},"type":"if","locations":[{"start":{"line":104,"column":8},"end":{"line":110,"column":9}},{"start":{"line":104,"column":8},"end":{"line":110,"column":9}}],"line":104},"6":{"loc":{"start":{"line":107,"column":72},"end":{"line":108,"column":110}},"type":"if","locations":[{"start":{"line":107,"column":72},"end":{"line":108,"column":110}},{"start":{"line":107,"column":72},"end":{"line":108,"column":110}}],"line":107}},"s":{"0":2,"1":2,"2":2,"3":2,"4":2,"5":2,"6":18,"7":18,"8":18,"9":18,"10":0,"11":0,"12":0,"13":0,"14":0,"15":0,"16":5,"17":5,"18":5,"19":0,"20":0,"21":5,"22":5,"23":0,"24":0,"25":0,"26":3,"27":3,"28":3,"29":0,"30":0,"31":3,"32":0,"33":3,"34":3,"35":0,"36":0,"37":3,"38":0,"39":0,"40":0,"41":0,"42":3,"43":1},"f":{"0":2,"1":2,"2":2,"3":18,"4":0,"5":0,"6":0,"7":0,"8":5,"9":0,"10":0,"11":3,"12":0,"13":0,"14":3,"15":0,"16":0},"b":{"0":[0,18],"1":[0,18],"2":[0,18],"3":[0,5],"4":[0,3],"5":[0,3],"6":[0,0]},"_coverageSchema":"1a1c01bbd47fc00a2c39e90264f33305004495a9","hash":"0bc2a1e3469c8a61aa0ef2ffd37c543b6704899b"}
,"/Users/DevAC/Desktop/Angaza/AngazaApplication/screens/Progress.js": {"path":"/Users/DevAC/Desktop/Angaza/AngazaApplication/screens/Progress.js","statementMap":{"0":{"start":{"line":13,"column":8},"end":{"line":13,"column":21}},"1":{"start":{"line":14,"column":8},"end":{"line":14,"column":24}},"2":{"start":{"line":18,"column":29},"end":{"line":18,"column":68}},"3":{"start":{"line":20,"column":38},"end":{"line":20,"column":59}},"4":{"start":{"line":21,"column":8},"end":{"line":49,"column":9}},"5":{"start":{"line":52,"column":15},"end":{"line":236,"column":1}}},"fnMap":{"0":{"name":"(anonymous_0)","decl":{"start":{"line":12,"column":4},"end":{"line":12,"column":5}},"loc":{"start":{"line":12,"column":23},"end":{"line":15,"column":5}},"line":12},"1":{"name":"(anonymous_1)","decl":{"start":{"line":16,"column":4},"end":{"line":16,"column":5}},"loc":{"start":{"line":16,"column":13},"end":{"line":50,"column":5}},"line":16}},"branchMap":{},"s":{"0":1,"1":1,"2":1,"3":1,"4":1,"5":1},"f":{"0":1,"1":1},"b":{},"_coverageSchema":"1a1c01bbd47fc00a2c39e90264f33305004495a9","hash":"cf1c8aae164ac00fb1b5614ad3d97ddc82f75446"}
,"/Users/DevAC/Desktop/Angaza/AngazaApplication/screens/Quiz.js": {"path":"/Users/DevAC/Desktop/Angaza/AngazaApplication/screens/Quiz.js","statementMap":{"0":{"start":{"line":17,"column":8},"end":{"line":17,"column":21}},"1":{"start":{"line":18,"column":8},"end":{"line":36,"column":10}},"2":{"start":{"line":40,"column":8},"end":{"line":40,"column":40}},"3":{"start":{"line":41,"column":8},"end":{"line":41,"column":332}},"4":{"start":{"line":41,"column":77},"end":{"line":41,"column":185}},"5":{"start":{"line":41,"column":197},"end":{"line":41,"column":231}},"6":{"start":{"line":41,"column":232},"end":{"line":41,"column":329}},"7":{"start":{"line":44,"column":8},"end":{"line":46,"column":10}},"8":{"start":{"line":45,"column":12},"end":{"line":45,"column":48}},"9":{"start":{"line":47,"column":8},"end":{"line":47,"column":25}},"10":{"start":{"line":48,"column":8},"end":{"line":48,"column":37}},"11":{"start":{"line":49,"column":8},"end":{"line":49,"column":42}},"12":{"start":{"line":53,"column":8},"end":{"line":63,"column":68}},"13":{"start":{"line":54,"column":12},"end":{"line":63,"column":13}},"14":{"start":{"line":55,"column":16},"end":{"line":55,"column":87}},"15":{"start":{"line":56,"column":16},"end":{"line":59,"column":18}},"16":{"start":{"line":57,"column":20},"end":{"line":57,"column":108}},"17":{"start":{"line":58,"column":20},"end":{"line":58,"column":105}},"18":{"start":{"line":61,"column":16},"end":{"line":61,"column":88}},"19":{"start":{"line":62,"column":16},"end":{"line":62,"column":330}},"20":{"start":{"line":62,"column":202},"end":{"line":62,"column":245}},"21":{"start":{"line":62,"column":245},"end":{"line":62,"column":328}},"22":{"start":{"line":63,"column":22},"end":{"line":63,"column":67}},"23":{"start":{"line":66,"column":8},"end":{"line":70,"column":9}},"24":{"start":{"line":67,"column":12},"end":{"line":67,"column":52}},"25":{"start":{"line":69,"column":12},"end":{"line":69,"column":50}},"26":{"start":{"line":73,"column":27},"end":{"line":73,"column":48}},"27":{"start":{"line":74,"column":8},"end":{"line":74,"column":72}},"28":{"start":{"line":76,"column":8},"end":{"line":76,"column":58}},"29":{"start":{"line":77,"column":8},"end":{"line":87,"column":9}},"30":{"start":{"line":79,"column":12},"end":{"line":79,"column":79}},"31":{"start":{"line":80,"column":12},"end":{"line":80,"column":194}},"32":{"start":{"line":81,"column":15},"end":{"line":87,"column":9}},"33":{"start":{"line":82,"column":12},"end":{"line":82,"column":122}},"34":{"start":{"line":83,"column":12},"end":{"line":83,"column":29}},"35":{"start":{"line":86,"column":12},"end":{"line":86,"column":57}},"36":{"start":{"line":90,"column":8},"end":{"line":238,"column":9}},"37":{"start":{"line":124,"column":164},"end":{"line":124,"column":204}},"38":{"start":{"line":124,"column":205},"end":{"line":124,"column":230}},"39":{"start":{"line":124,"column":359},"end":{"line":124,"column":435}},"40":{"start":{"line":125,"column":170},"end":{"line":125,"column":213}},"41":{"start":{"line":125,"column":214},"end":{"line":125,"column":239}},"42":{"start":{"line":125,"column":378},"end":{"line":125,"column":457}},"43":{"start":{"line":243,"column":8},"end":{"line":243,"column":41}},"44":{"start":{"line":244,"column":8},"end":{"line":244,"column":41}},"45":{"start":{"line":245,"column":8},"end":{"line":249,"column":9}},"46":{"start":{"line":246,"column":12},"end":{"line":246,"column":150}},"47":{"start":{"line":246,"column":98},"end":{"line":246,"column":148}},"48":{"start":{"line":248,"column":12},"end":{"line":248,"column":205}},"49":{"start":{"line":248,"column":141},"end":{"line":248,"column":201}},"50":{"start":{"line":252,"column":8},"end":{"line":252,"column":41}},"51":{"start":{"line":253,"column":8},"end":{"line":253,"column":322}},"52":{"start":{"line":253,"column":46},"end":{"line":253,"column":166}},"53":{"start":{"line":253,"column":104},"end":{"line":253,"column":164}},"54":{"start":{"line":253,"column":174},"end":{"line":253,"column":321}},"55":{"start":{"line":253,"column":256},"end":{"line":253,"column":318}},"56":{"start":{"line":256,"column":15},"end":{"line":544,"column":1}}},"fnMap":{"0":{"name":"(anonymous_0)","decl":{"start":{"line":16,"column":4},"end":{"line":16,"column":5}},"loc":{"start":{"line":16,"column":23},"end":{"line":37,"column":5}},"line":16},"1":{"name":"(anonymous_1)","decl":{"start":{"line":39,"column":4},"end":{"line":39,"column":5}},"loc":{"start":{"line":39,"column":24},"end":{"line":42,"column":5}},"line":39},"2":{"name":"(anonymous_2)","decl":{"start":{"line":41,"column":64},"end":{"line":41,"column":65}},"loc":{"start":{"line":41,"column":76},"end":{"line":41,"column":186}},"line":41},"3":{"name":"(anonymous_3)","decl":{"start":{"line":41,"column":188},"end":{"line":41,"column":189}},"loc":{"start":{"line":41,"column":195},"end":{"line":41,"column":331}},"line":41},"4":{"name":"(anonymous_4)","decl":{"start":{"line":43,"column":4},"end":{"line":43,"column":5}},"loc":{"start":{"line":43,"column":24},"end":{"line":50,"column":5}},"line":43},"5":{"name":"(anonymous_5)","decl":{"start":{"line":44,"column":45},"end":{"line":44,"column":46}},"loc":{"start":{"line":44,"column":57},"end":{"line":46,"column":9}},"line":44},"6":{"name":"(anonymous_6)","decl":{"start":{"line":52,"column":4},"end":{"line":52,"column":5}},"loc":{"start":{"line":52,"column":30},"end":{"line":64,"column":5}},"line":52},"7":{"name":"(anonymous_7)","decl":{"start":{"line":56,"column":189},"end":{"line":56,"column":190}},"loc":{"start":{"line":56,"column":201},"end":{"line":59,"column":17}},"line":56},"8":{"name":"(anonymous_8)","decl":{"start":{"line":62,"column":189},"end":{"line":62,"column":190}},"loc":{"start":{"line":62,"column":201},"end":{"line":62,"column":329}},"line":62},"9":{"name":"(anonymous_9)","decl":{"start":{"line":65,"column":4},"end":{"line":65,"column":5}},"loc":{"start":{"line":65,"column":18},"end":{"line":71,"column":5}},"line":65},"10":{"name":"(anonymous_10)","decl":{"start":{"line":72,"column":4},"end":{"line":72,"column":5}},"loc":{"start":{"line":72,"column":19},"end":{"line":88,"column":5}},"line":72},"11":{"name":"(anonymous_11)","decl":{"start":{"line":89,"column":4},"end":{"line":89,"column":5}},"loc":{"start":{"line":89,"column":13},"end":{"line":240,"column":5}},"line":89},"12":{"name":"(anonymous_12)","decl":{"start":{"line":99,"column":40},"end":{"line":99,"column":41}},"loc":{"start":{"line":99,"column":46},"end":{"line":101,"column":25}},"line":99},"13":{"name":"(anonymous_13)","decl":{"start":{"line":108,"column":45},"end":{"line":108,"column":46}},"loc":{"start":{"line":108,"column":51},"end":{"line":109,"column":37}},"line":108},"14":{"name":"(anonymous_14)","decl":{"start":{"line":124,"column":152},"end":{"line":124,"column":153}},"loc":{"start":{"line":124,"column":163},"end":{"line":124,"column":231}},"line":124},"15":{"name":"(anonymous_15)","decl":{"start":{"line":124,"column":341},"end":{"line":124,"column":342}},"loc":{"start":{"line":124,"column":358},"end":{"line":124,"column":436}},"line":124},"16":{"name":"(anonymous_16)","decl":{"start":{"line":125,"column":157},"end":{"line":125,"column":158}},"loc":{"start":{"line":125,"column":168},"end":{"line":125,"column":240}},"line":125},"17":{"name":"(anonymous_17)","decl":{"start":{"line":125,"column":359},"end":{"line":125,"column":360}},"loc":{"start":{"line":125,"column":376},"end":{"line":125,"column":458}},"line":125},"18":{"name":"(anonymous_18)","decl":{"start":{"line":132,"column":129},"end":{"line":132,"column":130}},"loc":{"start":{"line":132,"column":135},"end":{"line":133,"column":33}},"line":132},"19":{"name":"(anonymous_19)","decl":{"start":{"line":139,"column":117},"end":{"line":139,"column":118}},"loc":{"start":{"line":139,"column":123},"end":{"line":141,"column":33}},"line":139},"20":{"name":"(anonymous_20)","decl":{"start":{"line":148,"column":129},"end":{"line":148,"column":130}},"loc":{"start":{"line":148,"column":135},"end":{"line":150,"column":33}},"line":148},"21":{"name":"(anonymous_21)","decl":{"start":{"line":156,"column":117},"end":{"line":156,"column":118}},"loc":{"start":{"line":156,"column":123},"end":{"line":158,"column":33}},"line":156},"22":{"name":"(anonymous_22)","decl":{"start":{"line":165,"column":129},"end":{"line":165,"column":130}},"loc":{"start":{"line":165,"column":135},"end":{"line":167,"column":33}},"line":165},"23":{"name":"(anonymous_23)","decl":{"start":{"line":173,"column":117},"end":{"line":173,"column":118}},"loc":{"start":{"line":173,"column":123},"end":{"line":175,"column":33}},"line":173},"24":{"name":"(anonymous_24)","decl":{"start":{"line":182,"column":129},"end":{"line":182,"column":130}},"loc":{"start":{"line":182,"column":135},"end":{"line":184,"column":33}},"line":182},"25":{"name":"(anonymous_25)","decl":{"start":{"line":190,"column":117},"end":{"line":190,"column":118}},"loc":{"start":{"line":190,"column":123},"end":{"line":192,"column":33}},"line":190},"26":{"name":"(anonymous_26)","decl":{"start":{"line":201,"column":96},"end":{"line":201,"column":97}},"loc":{"start":{"line":201,"column":102},"end":{"line":203,"column":41}},"line":201},"27":{"name":"(anonymous_27)","decl":{"start":{"line":214,"column":96},"end":{"line":214,"column":97}},"loc":{"start":{"line":214,"column":102},"end":{"line":216,"column":41}},"line":214},"28":{"name":"(anonymous_28)","decl":{"start":{"line":241,"column":4},"end":{"line":241,"column":5}},"loc":{"start":{"line":241,"column":16},"end":{"line":250,"column":5}},"line":241},"29":{"name":"(anonymous_29)","decl":{"start":{"line":246,"column":85},"end":{"line":246,"column":86}},"loc":{"start":{"line":246,"column":97},"end":{"line":246,"column":149}},"line":246},"30":{"name":"(anonymous_30)","decl":{"start":{"line":248,"column":129},"end":{"line":248,"column":130}},"loc":{"start":{"line":248,"column":139},"end":{"line":248,"column":203}},"line":248},"31":{"name":"(anonymous_31)","decl":{"start":{"line":251,"column":4},"end":{"line":251,"column":5}},"loc":{"start":{"line":251,"column":27},"end":{"line":254,"column":5}},"line":251},"32":{"name":"(anonymous_32)","decl":{"start":{"line":253,"column":91},"end":{"line":253,"column":92}},"loc":{"start":{"line":253,"column":103},"end":{"line":253,"column":165}},"line":253},"33":{"name":"(anonymous_33)","decl":{"start":{"line":253,"column":244},"end":{"line":253,"column":245}},"loc":{"start":{"line":253,"column":254},"end":{"line":253,"column":319}},"line":253}},"branchMap":{"0":{"loc":{"start":{"line":53,"column":8},"end":{"line":63,"column":68}},"type":"if","locations":[{"start":{"line":53,"column":8},"end":{"line":63,"column":68}},{"start":{"line":53,"column":8},"end":{"line":63,"column":68}}],"line":53},"1":{"loc":{"start":{"line":54,"column":12},"end":{"line":63,"column":13}},"type":"if","locations":[{"start":{"line":54,"column":12},"end":{"line":63,"column":13}},{"start":{"line":54,"column":12},"end":{"line":63,"column":13}}],"line":54},"2":{"loc":{"start":{"line":66,"column":8},"end":{"line":70,"column":9}},"type":"if","locations":[{"start":{"line":66,"column":8},"end":{"line":70,"column":9}},{"start":{"line":66,"column":8},"end":{"line":70,"column":9}}],"line":66},"3":{"loc":{"start":{"line":77,"column":8},"end":{"line":87,"column":9}},"type":"if","locations":[{"start":{"line":77,"column":8},"end":{"line":87,"column":9}},{"start":{"line":77,"column":8},"end":{"line":87,"column":9}}],"line":77},"4":{"loc":{"start":{"line":77,"column":12},"end":{"line":77,"column":111}},"type":"binary-expr","locations":[{"start":{"line":77,"column":12},"end":{"line":77,"column":48}},{"start":{"line":77,"column":52},"end":{"line":77,"column":111}}],"line":77},"5":{"loc":{"start":{"line":81,"column":15},"end":{"line":87,"column":9}},"type":"if","locations":[{"start":{"line":81,"column":15},"end":{"line":87,"column":9}},{"start":{"line":81,"column":15},"end":{"line":87,"column":9}}],"line":81},"6":{"loc":{"start":{"line":81,"column":19},"end":{"line":81,"column":118}},"type":"binary-expr","locations":[{"start":{"line":81,"column":19},"end":{"line":81,"column":55}},{"start":{"line":81,"column":59},"end":{"line":81,"column":118}}],"line":81},"7":{"loc":{"start":{"line":105,"column":33},"end":{"line":105,"column":171}},"type":"cond-expr","locations":[{"start":{"line":105,"column":63},"end":{"line":105,"column":123}},{"start":{"line":105,"column":126},"end":{"line":105,"column":171}}],"line":105},"8":{"loc":{"start":{"line":121,"column":21},"end":{"line":234,"column":43}},"type":"cond-expr","locations":[{"start":{"line":121,"column":55},"end":{"line":234,"column":27}},{"start":{"line":234,"column":30},"end":{"line":234,"column":43}}],"line":121},"9":{"loc":{"start":{"line":124,"column":288},"end":{"line":124,"column":498}},"type":"cond-expr","locations":[{"start":{"line":124,"column":319},"end":{"line":124,"column":437}},{"start":{"line":124,"column":440},"end":{"line":124,"column":498}}],"line":124},"10":{"loc":{"start":{"line":125,"column":300},"end":{"line":125,"column":520}},"type":"cond-expr","locations":[{"start":{"line":125,"column":334},"end":{"line":125,"column":459}},{"start":{"line":125,"column":462},"end":{"line":125,"column":520}}],"line":125},"11":{"loc":{"start":{"line":128,"column":38},"end":{"line":230,"column":39}},"type":"cond-expr","locations":[{"start":{"line":128,"column":72},"end":{"line":226,"column":35}},{"start":{"line":226,"column":38},"end":{"line":230,"column":39}}],"line":128},"12":{"loc":{"start":{"line":132,"column":33},"end":{"line":147,"column":55}},"type":"cond-expr","locations":[{"start":{"line":132,"column":69},"end":{"line":139,"column":51}},{"start":{"line":139,"column":54},"end":{"line":147,"column":55}}],"line":132},"13":{"loc":{"start":{"line":148,"column":33},"end":{"line":164,"column":55}},"type":"cond-expr","locations":[{"start":{"line":148,"column":69},"end":{"line":156,"column":51}},{"start":{"line":156,"column":54},"end":{"line":164,"column":55}}],"line":148},"14":{"loc":{"start":{"line":165,"column":33},"end":{"line":181,"column":55}},"type":"cond-expr","locations":[{"start":{"line":165,"column":69},"end":{"line":173,"column":51}},{"start":{"line":173,"column":54},"end":{"line":181,"column":55}}],"line":165},"15":{"loc":{"start":{"line":182,"column":33},"end":{"line":198,"column":55}},"type":"cond-expr","locations":[{"start":{"line":182,"column":69},"end":{"line":190,"column":51}},{"start":{"line":190,"column":54},"end":{"line":198,"column":55}}],"line":182},"16":{"loc":{"start":{"line":245,"column":8},"end":{"line":249,"column":9}},"type":"if","locations":[{"start":{"line":245,"column":8},"end":{"line":249,"column":9}},{"start":{"line":245,"column":8},"end":{"line":249,"column":9}}],"line":245},"17":{"loc":{"start":{"line":253,"column":8},"end":{"line":253,"column":322}},"type":"if","locations":[{"start":{"line":253,"column":8},"end":{"line":253,"column":322}},{"start":{"line":253,"column":8},"end":{"line":253,"column":322}}],"line":253}},"s":{"0":1,"1":1,"2":1,"3":1,"4":0,"5":0,"6":0,"7":1,"8":1,"9":1,"10":1,"11":1,"12":1,"13":1,"14":1,"15":1,"16":1,"17":1,"18":0,"19":0,"20":0,"21":0,"22":0,"23":1,"24":1,"25":0,"26":1,"27":1,"28":1,"29":1,"30":0,"31":0,"32":1,"33":0,"34":0,"35":1,"36":6,"37":0,"38":0,"39":0,"40":0,"41":0,"42":0,"43":1,"44":1,"45":1,"46":0,"47":0,"48":1,"49":0,"50":0,"51":0,"52":0,"53":0,"54":0,"55":0,"56":1},"f":{"0":1,"1":1,"2":0,"3":0,"4":1,"5":1,"6":1,"7":1,"8":0,"9":1,"10":1,"11":6,"12":0,"13":0,"14":0,"15":0,"16":0,"17":0,"18":0,"19":0,"20":0,"21":0,"22":0,"23":0,"24":0,"25":0,"26":0,"27":0,"28":1,"29":0,"30":0,"31":0,"32":0,"33":0},"b":{"0":[1,0],"1":[1,0],"2":[1,0],"3":[0,1],"4":[1,0],"5":[0,1],"6":[1,0],"7":[6,0],"8":[6,0],"9":[0,6],"10":[0,6],"11":[0,6],"12":[0,0],"13":[0,0],"14":[0,0],"15":[0,0],"16":[0,1],"17":[0,0]},"_coverageSchema":"1a1c01bbd47fc00a2c39e90264f33305004495a9","hash":"a29d6e0caadedbf31f3c6a3422e100d1c9947424"}
,"/Users/DevAC/Desktop/Angaza/AngazaApplication/screens/Subjects.js": {"path":"/Users/DevAC/Desktop/Angaza/AngazaApplication/screens/Subjects.js","statementMap":{"0":{"start":{"line":11,"column":8},"end":{"line":11,"column":21}},"1":{"start":{"line":12,"column":8},"end":{"line":17,"column":10}},"2":{"start":{"line":18,"column":8},"end":{"line":18,"column":39}},"3":{"start":{"line":21,"column":31},"end":{"line":21,"column":41}},"4":{"start":{"line":23,"column":8},"end":{"line":23,"column":33}},"5":{"start":{"line":32,"column":30},"end":{"line":32,"column":69}},"6":{"start":{"line":33,"column":8},"end":{"line":33,"column":58}},"7":{"start":{"line":37,"column":8},"end":{"line":37,"column":40}},"8":{"start":{"line":38,"column":8},"end":{"line":45,"column":10}},"9":{"start":{"line":39,"column":12},"end":{"line":39,"column":34}},"10":{"start":{"line":40,"column":12},"end":{"line":43,"column":14}},"11":{"start":{"line":41,"column":16},"end":{"line":41,"column":38}},"12":{"start":{"line":42,"column":16},"end":{"line":42,"column":69}},"13":{"start":{"line":51,"column":29},"end":{"line":51,"column":68}},"14":{"start":{"line":53,"column":28},"end":{"line":53,"column":49}},"15":{"start":{"line":55,"column":8},"end":{"line":321,"column":9}},"16":{"start":{"line":324,"column":15},"end":{"line":497,"column":1}}},"fnMap":{"0":{"name":"(anonymous_0)","decl":{"start":{"line":10,"column":4},"end":{"line":10,"column":5}},"loc":{"start":{"line":10,"column":23},"end":{"line":19,"column":5}},"line":10},"1":{"name":"(anonymous_1)","decl":{"start":{"line":20,"column":4},"end":{"line":20,"column":5}},"loc":{"start":{"line":20,"column":24},"end":{"line":29,"column":5}},"line":20},"2":{"name":"(anonymous_2)","decl":{"start":{"line":31,"column":4},"end":{"line":31,"column":5}},"loc":{"start":{"line":31,"column":30},"end":{"line":34,"column":5}},"line":31},"3":{"name":"(anonymous_3)","decl":{"start":{"line":36,"column":4},"end":{"line":36,"column":5}},"loc":{"start":{"line":36,"column":18},"end":{"line":46,"column":5}},"line":36},"4":{"name":"(anonymous_4)","decl":{"start":{"line":38,"column":53},"end":{"line":38,"column":54}},"loc":{"start":{"line":38,"column":65},"end":{"line":45,"column":9}},"line":38},"5":{"name":"(anonymous_5)","decl":{"start":{"line":40,"column":56},"end":{"line":40,"column":57}},"loc":{"start":{"line":40,"column":68},"end":{"line":43,"column":13}},"line":40},"6":{"name":"(anonymous_6)","decl":{"start":{"line":49,"column":4},"end":{"line":49,"column":5}},"loc":{"start":{"line":49,"column":13},"end":{"line":322,"column":5}},"line":49},"7":{"name":"(anonymous_7)","decl":{"start":{"line":81,"column":76},"end":{"line":81,"column":77}},"loc":{"start":{"line":81,"column":82},"end":{"line":88,"column":29}},"line":81},"8":{"name":"(anonymous_8)","decl":{"start":{"line":93,"column":76},"end":{"line":93,"column":77}},"loc":{"start":{"line":93,"column":82},"end":{"line":98,"column":29}},"line":93},"9":{"name":"(anonymous_9)","decl":{"start":{"line":105,"column":76},"end":{"line":105,"column":77}},"loc":{"start":{"line":105,"column":82},"end":{"line":110,"column":29}},"line":105},"10":{"name":"(anonymous_10)","decl":{"start":{"line":115,"column":76},"end":{"line":115,"column":77}},"loc":{"start":{"line":115,"column":82},"end":{"line":120,"column":29}},"line":115},"11":{"name":"(anonymous_11)","decl":{"start":{"line":127,"column":76},"end":{"line":127,"column":77}},"loc":{"start":{"line":127,"column":82},"end":{"line":132,"column":29}},"line":127},"12":{"name":"(anonymous_12)","decl":{"start":{"line":137,"column":76},"end":{"line":137,"column":77}},"loc":{"start":{"line":137,"column":82},"end":{"line":142,"column":29}},"line":137},"13":{"name":"(anonymous_13)","decl":{"start":{"line":149,"column":76},"end":{"line":149,"column":77}},"loc":{"start":{"line":149,"column":82},"end":{"line":154,"column":29}},"line":149},"14":{"name":"(anonymous_14)","decl":{"start":{"line":159,"column":76},"end":{"line":159,"column":77}},"loc":{"start":{"line":159,"column":82},"end":{"line":164,"column":29}},"line":159},"15":{"name":"(anonymous_15)","decl":{"start":{"line":172,"column":80},"end":{"line":172,"column":81}},"loc":{"start":{"line":172,"column":86},"end":{"line":179,"column":33}},"line":172},"16":{"name":"(anonymous_16)","decl":{"start":{"line":184,"column":80},"end":{"line":184,"column":81}},"loc":{"start":{"line":184,"column":86},"end":{"line":189,"column":33}},"line":184},"17":{"name":"(anonymous_17)","decl":{"start":{"line":196,"column":80},"end":{"line":196,"column":81}},"loc":{"start":{"line":196,"column":86},"end":{"line":201,"column":33}},"line":196},"18":{"name":"(anonymous_18)","decl":{"start":{"line":206,"column":80},"end":{"line":206,"column":81}},"loc":{"start":{"line":206,"column":86},"end":{"line":211,"column":33}},"line":206},"19":{"name":"(anonymous_19)","decl":{"start":{"line":218,"column":80},"end":{"line":218,"column":81}},"loc":{"start":{"line":218,"column":86},"end":{"line":223,"column":33}},"line":218},"20":{"name":"(anonymous_20)","decl":{"start":{"line":228,"column":80},"end":{"line":228,"column":81}},"loc":{"start":{"line":228,"column":86},"end":{"line":233,"column":33}},"line":228},"21":{"name":"(anonymous_21)","decl":{"start":{"line":240,"column":80},"end":{"line":240,"column":81}},"loc":{"start":{"line":240,"column":86},"end":{"line":245,"column":33}},"line":240},"22":{"name":"(anonymous_22)","decl":{"start":{"line":250,"column":80},"end":{"line":250,"column":81}},"loc":{"start":{"line":250,"column":86},"end":{"line":255,"column":33}},"line":250},"23":{"name":"(anonymous_23)","decl":{"start":{"line":262,"column":80},"end":{"line":262,"column":81}},"loc":{"start":{"line":262,"column":86},"end":{"line":267,"column":33}},"line":262},"24":{"name":"(anonymous_24)","decl":{"start":{"line":272,"column":80},"end":{"line":272,"column":81}},"loc":{"start":{"line":272,"column":86},"end":{"line":277,"column":33}},"line":272},"25":{"name":"(anonymous_25)","decl":{"start":{"line":284,"column":80},"end":{"line":284,"column":81}},"loc":{"start":{"line":284,"column":86},"end":{"line":289,"column":33}},"line":284},"26":{"name":"(anonymous_26)","decl":{"start":{"line":294,"column":80},"end":{"line":294,"column":81}},"loc":{"start":{"line":294,"column":86},"end":{"line":299,"column":33}},"line":294},"27":{"name":"(anonymous_27)","decl":{"start":{"line":306,"column":80},"end":{"line":306,"column":81}},"loc":{"start":{"line":306,"column":86},"end":{"line":311,"column":33}},"line":306}},"branchMap":{},"s":{"0":2,"1":2,"2":2,"3":4,"4":4,"5":6,"6":6,"7":2,"8":2,"9":2,"10":2,"11":2,"12":2,"13":15,"14":15,"15":15,"16":1},"f":{"0":2,"1":4,"2":6,"3":2,"4":2,"5":2,"6":15,"7":0,"8":0,"9":0,"10":0,"11":0,"12":0,"13":0,"14":0,"15":0,"16":0,"17":0,"18":0,"19":0,"20":0,"21":0,"22":0,"23":0,"24":0,"25":0,"26":0,"27":0},"b":{},"_coverageSchema":"1a1c01bbd47fc00a2c39e90264f33305004495a9","hash":"8f7bf694364bb434672931eda7c6c472a2543645"}
,"/Users/DevAC/Desktop/Angaza/AngazaApplication/services/ContentRetrieval.js": {"path":"/Users/DevAC/Desktop/Angaza/AngazaApplication/services/ContentRetrieval.js","statementMap":{"0":{"start":{"line":8,"column":4},"end":{"line":11,"column":6}},"1":{"start":{"line":9,"column":8},"end":{"line":9,"column":30}},"2":{"start":{"line":10,"column":8},"end":{"line":10,"column":24}},"3":{"start":{"line":15,"column":23},"end":{"line":15,"column":50}},"4":{"start":{"line":17,"column":4},"end":{"line":17,"column":181}},"5":{"start":{"line":17,"column":163},"end":{"line":17,"column":178}},"6":{"start":{"line":21,"column":25},"end":{"line":21,"column":67}},"7":{"start":{"line":22,"column":17},"end":{"line":29,"column":6}},"8":{"start":{"line":29,"column":7},"end":{"line":29,"column":24}},"9":{"start":{"line":34,"column":15},"end":{"line":43,"column":5}},"10":{"start":{"line":44,"column":4},"end":{"line":44,"column":270}},"11":{"start":{"line":44,"column":66},"end":{"line":44,"column":268}},"12":{"start":{"line":44,"column":212},"end":{"line":44,"column":242}},"13":{"start":{"line":44,"column":242},"end":{"line":44,"column":266}},"14":{"start":{"line":47,"column":25},"end":{"line":47,"column":67}},"15":{"start":{"line":48,"column":4},"end":{"line":48,"column":173}},"16":{"start":{"line":53,"column":4},"end":{"line":53,"column":234}},"17":{"start":{"line":53,"column":72},"end":{"line":53,"column":232}},"18":{"start":{"line":53,"column":205},"end":{"line":53,"column":229}},"19":{"start":{"line":59,"column":25},"end":{"line":59,"column":67}},"20":{"start":{"line":60,"column":17},"end":{"line":63,"column":64}},"21":{"start":{"line":64,"column":4},"end":{"line":64,"column":21}},"22":{"start":{"line":69,"column":25},"end":{"line":69,"column":67}},"23":{"start":{"line":70,"column":4},"end":{"line":70,"column":166}},"24":{"start":{"line":75,"column":25},"end":{"line":75,"column":67}},"25":{"start":{"line":76,"column":4},"end":{"line":76,"column":164}}},"fnMap":{"0":{"name":"retrieveAccessToken","decl":{"start":{"line":7,"column":22},"end":{"line":7,"column":41}},"loc":{"start":{"line":7,"column":44},"end":{"line":12,"column":1}},"line":7},"1":{"name":"(anonymous_1)","decl":{"start":{"line":8,"column":59},"end":{"line":8,"column":60}},"loc":{"start":{"line":8,"column":71},"end":{"line":11,"column":5}},"line":8},"2":{"name":"retrieveClasses","decl":{"start":{"line":14,"column":22},"end":{"line":14,"column":37}},"loc":{"start":{"line":14,"column":55},"end":{"line":18,"column":1}},"line":14},"3":{"name":"(anonymous_3)","decl":{"start":{"line":17,"column":150},"end":{"line":17,"column":151}},"loc":{"start":{"line":17,"column":162},"end":{"line":17,"column":179}},"line":17},"4":{"name":"retrieveQuiz","decl":{"start":{"line":19,"column":22},"end":{"line":19,"column":34}},"loc":{"start":{"line":19,"column":53},"end":{"line":30,"column":1}},"line":19},"5":{"name":"answerQuestion","decl":{"start":{"line":32,"column":22},"end":{"line":32,"column":36}},"loc":{"start":{"line":32,"column":111},"end":{"line":44,"column":271}},"line":32},"6":{"name":"(anonymous_6)","decl":{"start":{"line":44,"column":53},"end":{"line":44,"column":54}},"loc":{"start":{"line":44,"column":65},"end":{"line":44,"column":269}},"line":44},"7":{"name":"(anonymous_7)","decl":{"start":{"line":44,"column":199},"end":{"line":44,"column":200}},"loc":{"start":{"line":44,"column":211},"end":{"line":44,"column":267}},"line":44},"8":{"name":"retrieveNotes","decl":{"start":{"line":46,"column":22},"end":{"line":46,"column":35}},"loc":{"start":{"line":46,"column":49},"end":{"line":50,"column":1}},"line":46},"9":{"name":"retrieveSubjects","decl":{"start":{"line":52,"column":22},"end":{"line":52,"column":38}},"loc":{"start":{"line":52,"column":55},"end":{"line":55,"column":1}},"line":52},"10":{"name":"(anonymous_10)","decl":{"start":{"line":53,"column":59},"end":{"line":53,"column":60}},"loc":{"start":{"line":53,"column":71},"end":{"line":53,"column":233}},"line":53},"11":{"name":"(anonymous_11)","decl":{"start":{"line":53,"column":192},"end":{"line":53,"column":193}},"loc":{"start":{"line":53,"column":204},"end":{"line":53,"column":230}},"line":53},"12":{"name":"retrieveTopics","decl":{"start":{"line":57,"column":22},"end":{"line":57,"column":36}},"loc":{"start":{"line":57,"column":59},"end":{"line":66,"column":1}},"line":57},"13":{"name":"retrieveSubtopics","decl":{"start":{"line":68,"column":22},"end":{"line":68,"column":39}},"loc":{"start":{"line":68,"column":50},"end":{"line":72,"column":1}},"line":68},"14":{"name":"subscribeToPlan","decl":{"start":{"line":74,"column":22},"end":{"line":74,"column":37}},"loc":{"start":{"line":74,"column":46},"end":{"line":77,"column":1}},"line":74}},"branchMap":{},"s":{"0":2,"1":2,"2":2,"3":1,"4":1,"5":0,"6":4,"7":4,"8":0,"9":4,"10":4,"11":4,"12":0,"13":0,"14":1,"15":1,"16":3,"17":3,"18":0,"19":1,"20":1,"21":0,"22":1,"23":1,"24":1,"25":1},"f":{"0":2,"1":2,"2":1,"3":0,"4":4,"5":4,"6":4,"7":0,"8":1,"9":3,"10":3,"11":0,"12":1,"13":1,"14":1},"b":{},"_coverageSchema":"1a1c01bbd47fc00a2c39e90264f33305004495a9","hash":"9c1540e14b30f03ecff3bc58d8bab821ea70baf9"}
}
