TN:
SF:assets/images/chat.png
FNF:0
FNH:0
DA:1,1
LF:1
LH:1
BRF:0
BRH:0
end_of_record
TN:
SF:assets/images/notes.png
FNF:0
FNH:0
DA:1,1
LF:1
LH:1
BRF:0
BRH:0
end_of_record
TN:
SF:assets/images/profile.png
FNF:0
FNH:0
DA:1,1
LF:1
LH:1
BRF:0
BRH:0
end_of_record
TN:
SF:assets/images/revise.png
FNF:0
FNH:0
DA:1,1
LF:1
LH:1
BRF:0
BRH:0
end_of_record
TN:
SF:assets/images/teacher.png
FNF:0
FNH:0
DA:1,1
LF:1
LH:1
BRF:0
BRH:0
end_of_record
TN:
SF:components/StyledText.js
FN:4,MonoText
FNF:1
FNH:1
FNDA:2,MonoText
DA:5,2
LF:1
LH:1
BRF:0
BRH:0
end_of_record
TN:
SF:screens/Assignment.js
FN:16,(anonymous_0)
FN:39,(anonymous_1)
FN:41,(anonymous_2)
FN:43,(anonymous_3)
FN:50,(anonymous_4)
FN:55,(anonymous_5)
FN:60,(anonymous_6)
FN:63,(anonymous_7)
FN:70,(anonymous_8)
FN:82,(anonymous_9)
FN:118,(anonymous_10)
FN:150,(anonymous_11)
FN:153,(anonymous_12)
FN:157,(anonymous_13)
FN:160,(anonymous_14)
FN:164,(anonymous_15)
FN:168,(anonymous_16)
FN:173,(anonymous_17)
FN:177,(anonymous_18)
FN:184,(anonymous_19)
FN:189,(anonymous_20)
FN:216,(anonymous_21)
FN:221,(anonymous_22)
FN:223,(anonymous_23)
FN:226,(anonymous_24)
FN:228,(anonymous_25)
FN:228,(anonymous_26)
FNF:27
FNH:10
FNDA:2,(anonymous_0)
FNDA:2,(anonymous_1)
FNDA:0,(anonymous_2)
FNDA:2,(anonymous_3)
FNDA:2,(anonymous_4)
FNDA:2,(anonymous_5)
FNDA:0,(anonymous_6)
FNDA:2,(anonymous_7)
FNDA:2,(anonymous_8)
FNDA:18,(anonymous_9)
FNDA:0,(anonymous_10)
FNDA:0,(anonymous_11)
FNDA:0,(anonymous_12)
FNDA:0,(anonymous_13)
FNDA:0,(anonymous_14)
FNDA:0,(anonymous_15)
FNDA:0,(anonymous_16)
FNDA:0,(anonymous_17)
FNDA:0,(anonymous_18)
FNDA:0,(anonymous_19)
FNDA:0,(anonymous_20)
FNDA:3,(anonymous_21)
FNDA:0,(anonymous_22)
FNDA:0,(anonymous_23)
FNDA:1,(anonymous_24)
FNDA:0,(anonymous_25)
FNDA:0,(anonymous_26)
DA:17,2
DA:18,2
DA:40,2
DA:41,2
DA:45,2
DA:46,2
DA:47,2
DA:51,2
DA:52,2
DA:54,2
DA:55,2
DA:56,2
DA:57,2
DA:58,2
DA:60,0
DA:61,0
DA:64,2
DA:65,2
DA:67,0
DA:71,2
DA:72,2
DA:74,2
DA:75,2
DA:76,2
DA:77,2
DA:78,0
DA:79,0
DA:83,18
DA:84,18
DA:85,18
DA:86,18
DA:87,18
DA:88,18
DA:89,18
DA:90,18
DA:91,18
DA:92,18
DA:93,18
DA:94,18
DA:95,18
DA:97,18
DA:150,0
DA:153,0
DA:157,0
DA:160,0
DA:164,0
DA:168,0
DA:173,0
DA:177,0
DA:184,0
DA:189,0
DA:218,3
DA:219,3
DA:220,3
DA:221,0
DA:223,3
DA:227,1
DA:228,1
DA:231,1
LF:59
LH:43
BRDA:51,0,0,2
BRDA:51,0,1,0
BRDA:52,1,0,2
BRDA:52,1,1,0
BRDA:64,2,0,2
BRDA:64,2,1,0
BRDA:75,3,0,2
BRDA:75,3,1,0
BRDA:75,4,0,2
BRDA:75,4,1,2
BRDA:78,5,0,0
BRDA:78,5,1,0
BRDA:78,6,0,0
BRDA:78,6,1,0
BRDA:115,7,0,14
BRDA:115,7,1,4
BRDA:132,8,0,18
BRDA:132,8,1,0
BRDA:146,9,0,0
BRDA:146,9,1,18
BRDA:150,10,0,0
BRDA:150,10,1,0
BRDA:157,11,0,0
BRDA:157,11,1,0
BRDA:164,12,0,0
BRDA:164,12,1,0
BRDA:173,13,0,0
BRDA:173,13,1,0
BRDA:220,14,0,0
BRDA:220,14,1,3
BRDA:228,15,0,0
BRDA:228,15,1,1
BRF:32
BRH:12
end_of_record
TN:
SF:screens/Classes.js
FN:7,(anonymous_0)
FN:16,(anonymous_1)
FN:20,(anonymous_2)
FN:25,(anonymous_3)
FN:57,(anonymous_4)
FN:69,(anonymous_5)
FN:81,(anonymous_6)
FN:93,(anonymous_7)
FN:105,(anonymous_8)
FN:117,(anonymous_9)
FN:129,(anonymous_10)
FN:141,(anonymous_11)
FN:156,(anonymous_12)
FN:168,(anonymous_13)
FN:180,(anonymous_14)
FN:192,(anonymous_15)
FNF:16
FNH:4
FNDA:1,(anonymous_0)
FNDA:1,(anonymous_1)
FNDA:1,(anonymous_2)
FNDA:2,(anonymous_3)
FNDA:0,(anonymous_4)
FNDA:0,(anonymous_5)
FNDA:0,(anonymous_6)
FNDA:0,(anonymous_7)
FNDA:0,(anonymous_8)
FNDA:0,(anonymous_9)
FNDA:0,(anonymous_10)
FNDA:0,(anonymous_11)
FNDA:0,(anonymous_12)
FNDA:0,(anonymous_13)
FNDA:0,(anonymous_14)
FNDA:0,(anonymous_15)
DA:8,1
DA:9,1
DA:18,1
DA:21,1
DA:22,1
DA:23,1
DA:27,2
DA:29,2
DA:30,2
DA:210,1
LF:10
LH:10
BRDA:53,0,0,0
BRDA:53,0,1,2
BRF:2
BRH:1
end_of_record
TN:
SF:screens/Home.js
FN:12,(anonymous_0)
FN:19,(anonymous_1)
FN:35,(anonymous_2)
FN:85,(anonymous_3)
FN:102,(anonymous_4)
FN:112,(anonymous_5)
FN:125,(anonymous_6)
FNF:7
FNH:3
FNDA:2,(anonymous_0)
FNDA:2,(anonymous_1)
FNDA:2,(anonymous_2)
FNDA:0,(anonymous_3)
FNDA:0,(anonymous_4)
FNDA:0,(anonymous_5)
FNDA:0,(anonymous_6)
DA:13,2
DA:14,2
DA:21,2
DA:38,2
DA:40,2
DA:42,2
DA:43,2
DA:45,2
DA:46,2
DA:170,1
LF:10
LH:10
BRF:0
BRH:0
end_of_record
TN:
SF:screens/HomeScreen.js
FN:23,(anonymous_0)
FNF:1
FNH:1
FNDA:1,(anonymous_0)
DA:14,1
DA:15,1
DA:24,1
DA:57,1
LF:4
LH:4
BRF:0
BRH:0
end_of_record
TN:
SF:screens/Notes.js
FN:14,(anonymous_0)
FN:28,(anonymous_1)
FN:29,(anonymous_2)
FN:40,(anonymous_3)
FN:55,(anonymous_4)
FN:55,(anonymous_5)
FN:56,(anonymous_6)
FN:57,(anonymous_7)
FN:67,(anonymous_8)
FN:72,(anonymous_9)
FN:79,(anonymous_10)
FN:89,(anonymous_11)
FN:94,(anonymous_12)
FN:96,(anonymous_13)
FN:101,(anonymous_14)
FN:105,(anonymous_15)
FN:107,(anonymous_16)
FNF:17
FNH:7
FNDA:2,(anonymous_0)
FNDA:2,(anonymous_1)
FNDA:2,(anonymous_2)
FNDA:18,(anonymous_3)
FNDA:0,(anonymous_4)
FNDA:0,(anonymous_5)
FNDA:0,(anonymous_6)
FNDA:0,(anonymous_7)
FNDA:5,(anonymous_8)
FNDA:0,(anonymous_9)
FNDA:0,(anonymous_10)
FNDA:3,(anonymous_11)
FNDA:0,(anonymous_12)
FNDA:0,(anonymous_13)
FNDA:3,(anonymous_14)
FNDA:0,(anonymous_15)
FNDA:0,(anonymous_16)
DA:15,2
DA:16,2
DA:29,2
DA:30,2
DA:32,2
DA:35,2
DA:41,18
DA:42,18
DA:43,18
DA:44,18
DA:55,0
DA:56,0
DA:57,0
DA:69,5
DA:70,5
DA:71,5
DA:72,0
DA:74,5
DA:79,5
DA:81,0
DA:82,0
DA:83,0
DA:91,3
DA:92,3
DA:93,3
DA:94,0
DA:96,3
DA:103,3
DA:104,3
DA:105,0
DA:107,3
DA:108,0
DA:109,3
DA:113,1
LF:34
LH:24
BRDA:55,0,0,0
BRDA:55,0,1,18
BRDA:57,1,0,0
BRDA:57,1,1,18
BRDA:59,2,0,0
BRDA:59,2,1,18
BRDA:71,3,0,0
BRDA:71,3,1,5
BRDA:93,4,0,0
BRDA:93,4,1,3
BRDA:104,5,0,0
BRDA:104,5,1,3
BRDA:107,6,0,0
BRDA:107,6,1,0
BRF:14
BRH:6
end_of_record
TN:
SF:screens/Progress.js
FN:12,(anonymous_0)
FN:16,(anonymous_1)
FNF:2
FNH:2
FNDA:1,(anonymous_0)
FNDA:1,(anonymous_1)
DA:13,1
DA:14,1
DA:18,1
DA:20,1
DA:21,1
DA:52,1
LF:6
LH:6
BRF:0
BRH:0
end_of_record
TN:
SF:screens/Quiz.js
FN:16,(anonymous_0)
FN:39,(anonymous_1)
FN:41,(anonymous_2)
FN:41,(anonymous_3)
FN:43,(anonymous_4)
FN:44,(anonymous_5)
FN:52,(anonymous_6)
FN:56,(anonymous_7)
FN:62,(anonymous_8)
FN:65,(anonymous_9)
FN:72,(anonymous_10)
FN:89,(anonymous_11)
FN:99,(anonymous_12)
FN:108,(anonymous_13)
FN:124,(anonymous_14)
FN:124,(anonymous_15)
FN:125,(anonymous_16)
FN:125,(anonymous_17)
FN:132,(anonymous_18)
FN:139,(anonymous_19)
FN:148,(anonymous_20)
FN:156,(anonymous_21)
FN:165,(anonymous_22)
FN:173,(anonymous_23)
FN:182,(anonymous_24)
FN:190,(anonymous_25)
FN:201,(anonymous_26)
FN:214,(anonymous_27)
FN:241,(anonymous_28)
FN:246,(anonymous_29)
FN:248,(anonymous_30)
FN:251,(anonymous_31)
FN:253,(anonymous_32)
FN:253,(anonymous_33)
FNF:34
FNH:10
FNDA:1,(anonymous_0)
FNDA:1,(anonymous_1)
FNDA:0,(anonymous_2)
FNDA:0,(anonymous_3)
FNDA:1,(anonymous_4)
FNDA:1,(anonymous_5)
FNDA:1,(anonymous_6)
FNDA:1,(anonymous_7)
FNDA:0,(anonymous_8)
FNDA:1,(anonymous_9)
FNDA:1,(anonymous_10)
FNDA:6,(anonymous_11)
FNDA:0,(anonymous_12)
FNDA:0,(anonymous_13)
FNDA:0,(anonymous_14)
FNDA:0,(anonymous_15)
FNDA:0,(anonymous_16)
FNDA:0,(anonymous_17)
FNDA:0,(anonymous_18)
FNDA:0,(anonymous_19)
FNDA:0,(anonymous_20)
FNDA:0,(anonymous_21)
FNDA:0,(anonymous_22)
FNDA:0,(anonymous_23)
FNDA:0,(anonymous_24)
FNDA:0,(anonymous_25)
FNDA:0,(anonymous_26)
FNDA:0,(anonymous_27)
FNDA:1,(anonymous_28)
FNDA:0,(anonymous_29)
FNDA:0,(anonymous_30)
FNDA:0,(anonymous_31)
FNDA:0,(anonymous_32)
FNDA:0,(anonymous_33)
DA:17,1
DA:18,1
DA:40,1
DA:41,1
DA:44,1
DA:45,1
DA:47,1
DA:48,1
DA:49,1
DA:53,1
DA:54,1
DA:55,1
DA:56,1
DA:57,1
DA:58,1
DA:61,0
DA:62,0
DA:63,0
DA:66,1
DA:67,1
DA:69,0
DA:73,1
DA:74,1
DA:76,1
DA:77,1
DA:79,0
DA:80,0
DA:81,1
DA:82,0
DA:83,0
DA:86,1
DA:90,6
DA:124,0
DA:125,0
DA:243,1
DA:244,1
DA:245,1
DA:246,0
DA:248,1
DA:252,0
DA:253,0
DA:256,1
LF:42
LH:29
BRDA:53,0,0,1
BRDA:53,0,1,0
BRDA:54,1,0,1
BRDA:54,1,1,0
BRDA:66,2,0,1
BRDA:66,2,1,0
BRDA:77,3,0,0
BRDA:77,3,1,1
BRDA:77,4,0,1
BRDA:77,4,1,0
BRDA:81,5,0,0
BRDA:81,5,1,1
BRDA:81,6,0,1
BRDA:81,6,1,0
BRDA:105,7,0,6
BRDA:105,7,1,0
BRDA:121,8,0,6
BRDA:121,8,1,0
BRDA:124,9,0,0
BRDA:124,9,1,6
BRDA:125,10,0,0
BRDA:125,10,1,6
BRDA:128,11,0,0
BRDA:128,11,1,6
BRDA:132,12,0,0
BRDA:132,12,1,0
BRDA:148,13,0,0
BRDA:148,13,1,0
BRDA:165,14,0,0
BRDA:165,14,1,0
BRDA:182,15,0,0
BRDA:182,15,1,0
BRDA:245,16,0,0
BRDA:245,16,1,1
BRDA:253,17,0,0
BRDA:253,17,1,0
BRF:36
BRH:13
end_of_record
TN:
SF:screens/Subjects.js
FN:10,(anonymous_0)
FN:20,(anonymous_1)
FN:31,(anonymous_2)
FN:36,(anonymous_3)
FN:38,(anonymous_4)
FN:40,(anonymous_5)
FN:49,(anonymous_6)
FN:81,(anonymous_7)
FN:93,(anonymous_8)
FN:105,(anonymous_9)
FN:115,(anonymous_10)
FN:127,(anonymous_11)
FN:137,(anonymous_12)
FN:149,(anonymous_13)
FN:159,(anonymous_14)
FN:172,(anonymous_15)
FN:184,(anonymous_16)
FN:196,(anonymous_17)
FN:206,(anonymous_18)
FN:218,(anonymous_19)
FN:228,(anonymous_20)
FN:240,(anonymous_21)
FN:250,(anonymous_22)
FN:262,(anonymous_23)
FN:272,(anonymous_24)
FN:284,(anonymous_25)
FN:294,(anonymous_26)
FN:306,(anonymous_27)
FNF:28
FNH:7
FNDA:2,(anonymous_0)
FNDA:4,(anonymous_1)
FNDA:6,(anonymous_2)
FNDA:2,(anonymous_3)
FNDA:2,(anonymous_4)
FNDA:2,(anonymous_5)
FNDA:15,(anonymous_6)
FNDA:0,(anonymous_7)
FNDA:0,(anonymous_8)
FNDA:0,(anonymous_9)
FNDA:0,(anonymous_10)
FNDA:0,(anonymous_11)
FNDA:0,(anonymous_12)
FNDA:0,(anonymous_13)
FNDA:0,(anonymous_14)
FNDA:0,(anonymous_15)
FNDA:0,(anonymous_16)
FNDA:0,(anonymous_17)
FNDA:0,(anonymous_18)
FNDA:0,(anonymous_19)
FNDA:0,(anonymous_20)
FNDA:0,(anonymous_21)
FNDA:0,(anonymous_22)
FNDA:0,(anonymous_23)
FNDA:0,(anonymous_24)
FNDA:0,(anonymous_25)
FNDA:0,(anonymous_26)
FNDA:0,(anonymous_27)
DA:11,2
DA:12,2
DA:18,2
DA:21,4
DA:23,4
DA:32,6
DA:33,6
DA:37,2
DA:38,2
DA:39,2
DA:40,2
DA:41,2
DA:42,2
DA:51,15
DA:53,15
DA:55,15
DA:324,1
LF:17
LH:17
BRF:0
BRH:0
end_of_record
TN:
SF:services/ContentRetrieval.js
FN:7,retrieveAccessToken
FN:8,(anonymous_1)
FN:14,retrieveClasses
FN:17,(anonymous_3)
FN:19,retrieveQuiz
FN:32,answerQuestion
FN:44,(anonymous_6)
FN:44,(anonymous_7)
FN:46,retrieveNotes
FN:52,retrieveSubjects
FN:53,(anonymous_10)
FN:53,(anonymous_11)
FN:57,retrieveTopics
FN:68,retrieveSubtopics
FN:74,subscribeToPlan
FNF:15
FNH:12
FNDA:2,retrieveAccessToken
FNDA:2,(anonymous_1)
FNDA:1,retrieveClasses
FNDA:0,(anonymous_3)
FNDA:4,retrieveQuiz
FNDA:4,answerQuestion
FNDA:4,(anonymous_6)
FNDA:0,(anonymous_7)
FNDA:1,retrieveNotes
FNDA:3,retrieveSubjects
FNDA:3,(anonymous_10)
FNDA:0,(anonymous_11)
FNDA:1,retrieveTopics
FNDA:1,retrieveSubtopics
FNDA:1,subscribeToPlan
DA:8,2
DA:9,2
DA:10,2
DA:15,1
DA:17,1
DA:21,4
DA:22,4
DA:29,0
DA:34,4
DA:44,4
DA:47,1
DA:48,1
DA:53,3
DA:59,1
DA:60,1
DA:64,0
DA:69,1
DA:70,1
DA:75,1
DA:76,1
LF:20
LH:18
BRF:0
BRH:0
end_of_record
