TN:
SF:assets/images/chat.png
FNF:0
FNH:0
DA:1,1
LF:1
LH:1
BRF:0
BRH:0
end_of_record
TN:
SF:assets/images/notes.png
FNF:0
FNH:0
DA:1,1
LF:1
LH:1
BRF:0
BRH:0
end_of_record
TN:
SF:assets/images/profile.png
FNF:0
FNH:0
DA:1,1
LF:1
LH:1
BRF:0
BRH:0
end_of_record
TN:
SF:assets/images/revise.png
FNF:0
FNH:0
DA:1,1
LF:1
LH:1
BRF:0
BRH:0
end_of_record
TN:
SF:assets/images/teacher.png
FNF:0
FNH:0
DA:1,1
LF:1
LH:1
BRF:0
BRH:0
end_of_record
TN:
SF:components/StyledText.js
FN:4,MonoText
FNF:1
FNH:1
FNDA:2,MonoText
DA:5,2
LF:1
LH:1
BRF:0
BRH:0
end_of_record
TN:
SF:screens/Assignment.js
FN:15,(anonymous_0)
FN:38,(anonymous_1)
FN:40,(anonymous_2)
FN:46,(anonymous_3)
FN:53,(anonymous_4)
FN:58,(anonymous_5)
FN:65,(anonymous_6)
FN:78,(anonymous_7)
FN:85,(anonymous_8)
FN:103,(anonymous_9)
FN:139,(anonymous_10)
FN:160,(anonymous_11)
FN:166,(anonymous_12)
FN:174,(anonymous_13)
FN:180,(anonymous_14)
FN:191,(anonymous_15)
FN:199,(anonymous_16)
FN:208,(anonymous_17)
FN:216,(anonymous_18)
FN:225,(anonymous_19)
FN:233,(anonymous_20)
FN:242,(anonymous_21)
FN:250,(anonymous_22)
FN:261,(anonymous_23)
FN:274,(anonymous_24)
FN:301,(anonymous_25)
FN:306,(anonymous_26)
FN:317,(anonymous_27)
FN:327,(anonymous_28)
FN:332,(anonymous_29)
FN:337,(anonymous_30)
FNF:31
FNH:10
FNDA:2,(anonymous_0)
FNDA:2,(anonymous_1)
FNDA:0,(anonymous_2)
FNDA:2,(anonymous_3)
FNDA:2,(anonymous_4)
FNDA:2,(anonymous_5)
FNDA:0,(anonymous_6)
FNDA:2,(anonymous_7)
FNDA:2,(anonymous_8)
FNDA:18,(anonymous_9)
FNDA:0,(anonymous_10)
FNDA:0,(anonymous_11)
FNDA:0,(anonymous_12)
FNDA:0,(anonymous_13)
FNDA:0,(anonymous_14)
FNDA:0,(anonymous_15)
FNDA:0,(anonymous_16)
FNDA:0,(anonymous_17)
FNDA:0,(anonymous_18)
FNDA:0,(anonymous_19)
FNDA:0,(anonymous_20)
FNDA:0,(anonymous_21)
FNDA:0,(anonymous_22)
FNDA:0,(anonymous_23)
FNDA:0,(anonymous_24)
FNDA:3,(anonymous_25)
FNDA:0,(anonymous_26)
FNDA:0,(anonymous_27)
FNDA:1,(anonymous_28)
FNDA:0,(anonymous_29)
FNDA:0,(anonymous_30)
DA:16,2
DA:17,2
DA:39,2
DA:40,2
DA:41,0
DA:42,0
DA:43,0
DA:48,2
DA:49,2
DA:50,2
DA:54,2
DA:55,2
DA:57,2
DA:58,2
DA:59,2
DA:60,2
DA:61,2
DA:64,0
DA:65,0
DA:66,0
DA:68,0
DA:69,0
DA:73,0
DA:79,2
DA:80,2
DA:82,0
DA:86,2
DA:87,2
DA:89,2
DA:90,2
DA:92,2
DA:93,2
DA:94,0
DA:95,0
DA:96,0
DA:99,0
DA:104,18
DA:105,18
DA:106,18
DA:107,18
DA:108,18
DA:109,18
DA:110,18
DA:111,18
DA:112,18
DA:113,18
DA:114,18
DA:115,18
DA:116,18
DA:118,18
DA:162,0
DA:163,0
DA:167,0
DA:176,0
DA:177,0
DA:181,0
DA:251,0
DA:262,0
DA:275,0
DA:303,3
DA:304,3
DA:305,3
DA:306,0
DA:308,0
DA:309,0
DA:312,3
DA:317,3
DA:319,0
DA:320,0
DA:321,0
DA:329,1
DA:330,1
DA:331,1
DA:332,0
DA:333,0
DA:334,0
DA:337,1
DA:338,0
DA:339,0
DA:340,0
DA:347,1
LF:81
LH:46
BRDA:54,0,0,2
BRDA:54,0,1,0
BRDA:55,1,0,2
BRDA:55,1,1,0
BRDA:79,2,0,2
BRDA:79,2,1,0
BRDA:90,3,0,2
BRDA:90,3,1,0
BRDA:90,4,0,2
BRDA:90,4,1,2
BRDA:94,5,0,0
BRDA:94,5,1,0
BRDA:94,6,0,0
BRDA:94,6,1,0
BRDA:136,7,0,14
BRDA:136,7,1,4
BRDA:153,8,0,18
BRDA:153,8,1,0
BRDA:166,9,0,0
BRDA:166,9,1,18
BRDA:180,10,0,0
BRDA:180,10,1,18
BRDA:187,11,0,0
BRDA:187,11,1,18
BRDA:191,12,0,0
BRDA:191,12,1,0
BRDA:208,13,0,0
BRDA:208,13,1,0
BRDA:225,14,0,0
BRDA:225,14,1,0
BRDA:242,15,0,0
BRDA:242,15,1,0
BRDA:305,16,0,0
BRDA:305,16,1,3
BRDA:331,17,0,0
BRDA:331,17,1,1
BRF:36
BRH:14
end_of_record
TN:
SF:screens/Classes.js
FN:7,(anonymous_0)
FN:16,(anonymous_1)
FN:20,(anonymous_2)
FN:25,(anonymous_3)
FN:57,(anonymous_4)
FN:69,(anonymous_5)
FN:81,(anonymous_6)
FN:93,(anonymous_7)
FN:105,(anonymous_8)
FN:117,(anonymous_9)
FN:129,(anonymous_10)
FN:141,(anonymous_11)
FN:156,(anonymous_12)
FN:168,(anonymous_13)
FN:180,(anonymous_14)
FN:192,(anonymous_15)
FNF:16
FNH:4
FNDA:1,(anonymous_0)
FNDA:1,(anonymous_1)
FNDA:1,(anonymous_2)
FNDA:2,(anonymous_3)
FNDA:0,(anonymous_4)
FNDA:0,(anonymous_5)
FNDA:0,(anonymous_6)
FNDA:0,(anonymous_7)
FNDA:0,(anonymous_8)
FNDA:0,(anonymous_9)
FNDA:0,(anonymous_10)
FNDA:0,(anonymous_11)
FNDA:0,(anonymous_12)
FNDA:0,(anonymous_13)
FNDA:0,(anonymous_14)
FNDA:0,(anonymous_15)
DA:8,1
DA:9,1
DA:18,1
DA:21,1
DA:22,1
DA:23,1
DA:27,2
DA:29,2
DA:30,2
DA:210,1
LF:10
LH:10
BRDA:53,0,0,0
BRDA:53,0,1,2
BRF:2
BRH:1
end_of_record
TN:
SF:screens/Home.js
FN:12,(anonymous_0)
FN:19,(anonymous_1)
FN:35,(anonymous_2)
FN:85,(anonymous_3)
FN:100,(anonymous_4)
FN:110,(anonymous_5)
FN:123,(anonymous_6)
FNF:7
FNH:3
FNDA:1,(anonymous_0)
FNDA:1,(anonymous_1)
FNDA:1,(anonymous_2)
FNDA:0,(anonymous_3)
FNDA:0,(anonymous_4)
FNDA:0,(anonymous_5)
FNDA:0,(anonymous_6)
DA:13,1
DA:14,1
DA:21,1
DA:38,1
DA:40,1
DA:42,1
DA:43,1
DA:45,1
DA:46,1
DA:166,1
LF:10
LH:10
BRF:0
BRH:0
end_of_record
TN:
SF:screens/HomeScreen.js
FN:23,(anonymous_0)
FNF:1
FNH:1
FNDA:1,(anonymous_0)
DA:14,1
DA:15,1
DA:24,1
DA:55,1
LF:4
LH:4
BRF:0
BRH:0
end_of_record
TN:
SF:screens/Notes.js
FN:13,(anonymous_0)
FN:27,(anonymous_1)
FN:28,(anonymous_2)
FN:39,(anonymous_3)
FN:58,(anonymous_4)
FN:64,(anonymous_5)
FN:72,(anonymous_6)
FN:78,(anonymous_7)
FN:97,(anonymous_8)
FN:102,(anonymous_9)
FN:113,(anonymous_10)
FN:123,(anonymous_11)
FN:128,(anonymous_12)
FN:133,(anonymous_13)
FN:142,(anonymous_14)
FN:146,(anonymous_15)
FN:157,(anonymous_16)
FNF:17
FNH:7
FNDA:1,(anonymous_0)
FNDA:1,(anonymous_1)
FNDA:1,(anonymous_2)
FNDA:7,(anonymous_3)
FNDA:0,(anonymous_4)
FNDA:0,(anonymous_5)
FNDA:0,(anonymous_6)
FNDA:0,(anonymous_7)
FNDA:2,(anonymous_8)
FNDA:0,(anonymous_9)
FNDA:0,(anonymous_10)
FNDA:1,(anonymous_11)
FNDA:0,(anonymous_12)
FNDA:0,(anonymous_13)
FNDA:1,(anonymous_14)
FNDA:0,(anonymous_15)
FNDA:0,(anonymous_16)
DA:14,1
DA:15,1
DA:28,1
DA:29,1
DA:31,1
DA:34,1
DA:40,7
DA:41,7
DA:42,7
DA:43,7
DA:60,0
DA:61,0
DA:65,0
DA:74,0
DA:75,0
DA:79,0
DA:99,2
DA:100,2
DA:101,2
DA:102,0
DA:104,0
DA:105,0
DA:108,2
DA:113,2
DA:115,0
DA:116,0
DA:117,0
DA:125,1
DA:126,1
DA:127,1
DA:128,0
DA:129,0
DA:130,0
DA:133,1
DA:134,0
DA:135,0
DA:136,0
DA:144,1
DA:145,1
DA:146,0
DA:147,0
DA:148,0
DA:149,0
DA:150,0
DA:153,1
DA:158,0
DA:159,0
DA:160,0
DA:161,0
DA:163,0
DA:166,1
DA:170,1
LF:52
LH:24
BRDA:64,0,0,0
BRDA:64,0,1,7
BRDA:78,1,0,0
BRDA:78,1,1,7
BRDA:85,2,0,0
BRDA:85,2,1,7
BRDA:101,3,0,0
BRDA:101,3,1,2
BRDA:127,4,0,0
BRDA:127,4,1,1
BRDA:145,5,0,0
BRDA:145,5,1,1
BRDA:159,6,0,0
BRDA:159,6,1,0
BRF:14
BRH:6
end_of_record
TN:
SF:screens/Progress.js
FN:12,(anonymous_0)
FN:16,(anonymous_1)
FNF:2
FNH:2
FNDA:1,(anonymous_0)
FNDA:1,(anonymous_1)
DA:13,1
DA:14,1
DA:18,1
DA:20,1
DA:21,1
DA:52,1
LF:6
LH:6
BRF:0
BRH:0
end_of_record
TN:
SF:screens/Quiz.js
FN:16,(anonymous_0)
FN:39,(anonymous_1)
FN:41,(anonymous_2)
FN:45,(anonymous_3)
FN:51,(anonymous_4)
FN:52,(anonymous_5)
FN:60,(anonymous_6)
FN:64,(anonymous_7)
FN:71,(anonymous_8)
FN:83,(anonymous_9)
FN:90,(anonymous_10)
FN:108,(anonymous_11)
FN:122,(anonymous_12)
FN:131,(anonymous_13)
FN:152,(anonymous_14)
FN:158,(anonymous_15)
FN:166,(anonymous_16)
FN:172,(anonymous_17)
FN:183,(anonymous_18)
FN:191,(anonymous_19)
FN:200,(anonymous_20)
FN:208,(anonymous_21)
FN:217,(anonymous_22)
FN:225,(anonymous_23)
FN:234,(anonymous_24)
FN:242,(anonymous_25)
FN:253,(anonymous_26)
FN:266,(anonymous_27)
FN:293,(anonymous_28)
FN:298,(anonymous_29)
FN:309,(anonymous_30)
FN:319,(anonymous_31)
FN:324,(anonymous_32)
FN:329,(anonymous_33)
FNF:34
FNH:10
FNDA:1,(anonymous_0)
FNDA:1,(anonymous_1)
FNDA:0,(anonymous_2)
FNDA:0,(anonymous_3)
FNDA:1,(anonymous_4)
FNDA:1,(anonymous_5)
FNDA:1,(anonymous_6)
FNDA:1,(anonymous_7)
FNDA:0,(anonymous_8)
FNDA:1,(anonymous_9)
FNDA:1,(anonymous_10)
FNDA:6,(anonymous_11)
FNDA:0,(anonymous_12)
FNDA:0,(anonymous_13)
FNDA:0,(anonymous_14)
FNDA:0,(anonymous_15)
FNDA:0,(anonymous_16)
FNDA:0,(anonymous_17)
FNDA:0,(anonymous_18)
FNDA:0,(anonymous_19)
FNDA:0,(anonymous_20)
FNDA:0,(anonymous_21)
FNDA:0,(anonymous_22)
FNDA:0,(anonymous_23)
FNDA:0,(anonymous_24)
FNDA:0,(anonymous_25)
FNDA:0,(anonymous_26)
FNDA:0,(anonymous_27)
FNDA:1,(anonymous_28)
FNDA:0,(anonymous_29)
FNDA:0,(anonymous_30)
FNDA:0,(anonymous_31)
FNDA:0,(anonymous_32)
FNDA:0,(anonymous_33)
DA:17,1
DA:18,1
DA:40,1
DA:41,1
DA:42,0
DA:44,0
DA:46,0
DA:47,0
DA:48,0
DA:52,1
DA:53,1
DA:55,1
DA:56,1
DA:57,1
DA:61,1
DA:62,1
DA:63,1
DA:64,1
DA:65,1
DA:66,1
DA:67,1
DA:70,0
DA:71,0
DA:72,0
DA:73,0
DA:74,0
DA:78,0
DA:84,1
DA:85,1
DA:87,0
DA:91,1
DA:92,1
DA:94,1
DA:95,1
DA:97,0
DA:98,0
DA:99,1
DA:100,0
DA:101,0
DA:104,1
DA:109,6
DA:154,0
DA:155,0
DA:159,0
DA:168,0
DA:169,0
DA:173,0
DA:295,1
DA:296,1
DA:297,1
DA:298,0
DA:300,0
DA:301,0
DA:304,1
DA:309,1
DA:311,0
DA:312,0
DA:313,0
DA:321,0
DA:322,0
DA:323,0
DA:324,0
DA:325,0
DA:326,0
DA:329,0
DA:330,0
DA:331,0
DA:332,0
DA:339,1
LF:69
LH:31
BRDA:61,0,0,1
BRDA:61,0,1,0
BRDA:62,1,0,1
BRDA:62,1,1,0
BRDA:84,2,0,1
BRDA:84,2,1,0
BRDA:95,3,0,0
BRDA:95,3,1,1
BRDA:95,4,0,1
BRDA:95,4,1,0
BRDA:99,5,0,0
BRDA:99,5,1,1
BRDA:99,6,0,1
BRDA:99,6,1,0
BRDA:128,7,0,6
BRDA:128,7,1,0
BRDA:145,8,0,6
BRDA:145,8,1,0
BRDA:158,9,0,0
BRDA:158,9,1,6
BRDA:172,10,0,0
BRDA:172,10,1,6
BRDA:179,11,0,0
BRDA:179,11,1,6
BRDA:183,12,0,0
BRDA:183,12,1,0
BRDA:200,13,0,0
BRDA:200,13,1,0
BRDA:217,14,0,0
BRDA:217,14,1,0
BRDA:234,15,0,0
BRDA:234,15,1,0
BRDA:297,16,0,0
BRDA:297,16,1,1
BRDA:323,17,0,0
BRDA:323,17,1,0
BRF:36
BRH:13
end_of_record
TN:
SF:screens/Subjects.js
FN:10,(anonymous_0)
FN:20,(anonymous_1)
FN:31,(anonymous_2)
FN:36,(anonymous_3)
FN:38,(anonymous_4)
FN:40,(anonymous_5)
FN:49,(anonymous_6)
FN:81,(anonymous_7)
FN:93,(anonymous_8)
FN:105,(anonymous_9)
FN:115,(anonymous_10)
FN:127,(anonymous_11)
FN:137,(anonymous_12)
FN:149,(anonymous_13)
FN:159,(anonymous_14)
FN:172,(anonymous_15)
FN:184,(anonymous_16)
FN:196,(anonymous_17)
FN:206,(anonymous_18)
FN:218,(anonymous_19)
FN:228,(anonymous_20)
FN:240,(anonymous_21)
FN:250,(anonymous_22)
FN:262,(anonymous_23)
FN:272,(anonymous_24)
FN:284,(anonymous_25)
FN:294,(anonymous_26)
FN:306,(anonymous_27)
FNF:28
FNH:4
FNDA:2,(anonymous_0)
FNDA:2,(anonymous_1)
FNDA:2,(anonymous_2)
FNDA:0,(anonymous_3)
FNDA:0,(anonymous_4)
FNDA:0,(anonymous_5)
FNDA:4,(anonymous_6)
FNDA:0,(anonymous_7)
FNDA:0,(anonymous_8)
FNDA:0,(anonymous_9)
FNDA:0,(anonymous_10)
FNDA:0,(anonymous_11)
FNDA:0,(anonymous_12)
FNDA:0,(anonymous_13)
FNDA:0,(anonymous_14)
FNDA:0,(anonymous_15)
FNDA:0,(anonymous_16)
FNDA:0,(anonymous_17)
FNDA:0,(anonymous_18)
FNDA:0,(anonymous_19)
FNDA:0,(anonymous_20)
FNDA:0,(anonymous_21)
FNDA:0,(anonymous_22)
FNDA:0,(anonymous_23)
FNDA:0,(anonymous_24)
FNDA:0,(anonymous_25)
FNDA:0,(anonymous_26)
FNDA:0,(anonymous_27)
DA:11,2
DA:12,2
DA:18,2
DA:21,2
DA:23,2
DA:32,2
DA:33,2
DA:37,0
DA:38,0
DA:39,0
DA:40,0
DA:41,0
DA:42,0
DA:51,4
DA:53,4
DA:55,4
DA:324,1
LF:17
LH:11
BRF:0
BRH:0
end_of_record
TN:
SF:services/ContentRetrieval.js
FN:7,retrieveAccessToken
FN:8,(anonymous_1)
FN:14,retrieveClasses
FN:21,(anonymous_3)
FN:24,(anonymous_4)
FN:29,retrieveQuiz
FN:43,answerQuestion
FN:56,(anonymous_7)
FN:62,(anonymous_8)
FN:69,retrieveNotes
FN:81,retrieveSubjects
FN:82,(anonymous_11)
FN:87,(anonymous_12)
FN:95,retrieveTopics
FN:110,retrieveSubtopics
FN:124,subscribeToPlan
FNF:16
FNH:11
FNDA:1,retrieveAccessToken
FNDA:1,(anonymous_1)
FNDA:0,retrieveClasses
FNDA:0,(anonymous_3)
FNDA:0,(anonymous_4)
FNDA:4,retrieveQuiz
FNDA:4,answerQuestion
FNDA:4,(anonymous_7)
FNDA:0,(anonymous_8)
FNDA:1,retrieveNotes
FNDA:1,retrieveSubjects
FNDA:1,(anonymous_11)
FNDA:0,(anonymous_12)
FNDA:1,retrieveTopics
FNDA:1,retrieveSubtopics
FNDA:1,subscribeToPlan
DA:8,1
DA:9,1
DA:10,1
DA:15,0
DA:17,0
DA:22,0
DA:23,0
DA:25,0
DA:31,4
DA:32,4
DA:40,0
DA:44,4
DA:45,4
DA:55,4
DA:56,4
DA:57,4
DA:63,0
DA:64,0
DA:70,1
DA:71,1
DA:78,0
DA:82,1
DA:83,1
DA:88,0
DA:89,0
DA:97,1
DA:98,1
DA:106,0
DA:111,1
DA:112,1
DA:119,0
DA:120,0
DA:125,1
DA:126,1
DA:133,0
DA:134,0
LF:36
LH:20
BRF:0
BRH:0
end_of_record
